Created by PLY version 3.11 (http://www.dabeaz.com/ply)

Grammar

Rule 0     S' -> programa
Rule 1     tipo -> ENTERO
Rule 2     tipo -> FLOTANTE
Rule 3     cte -> CTE_ENT
Rule 4     cte -> CTE_FLOT
Rule 5     retorno -> RETURN expresion PUNTO_Y_COMA
Rule 6     retorno -> RETURN PUNTO_Y_COMA
Rule 7     asigna -> ID OP_ASIG expresion PUNTO_Y_COMA
Rule 8     estatuto -> asigna
Rule 9     estatuto -> condicion
Rule 10    estatuto -> ciclo
Rule 11    estatuto -> llamada PUNTO_Y_COMA
Rule 12    estatuto -> imprime
Rule 13    estatuto -> retorno
Rule 14    estatuto -> CORA_ABRE list_estatuto CORA_CIERRA
Rule 15    list_estatuto -> empty
Rule 16    list_estatuto -> estatuto list_estatuto
Rule 17    cuerpo -> LLAVE_ABRE cuerpo_estat LLAVE_CIERRA
Rule 18    cuerpo_estat -> empty
Rule 19    cuerpo_estat -> estatuto cuerpo_estat
Rule 20    expresion -> exp expresion_exp
Rule 21    expresion_exp -> empty
Rule 22    expresion_exp -> OP_MAYOR exp
Rule 23    expresion_exp -> OP_MENOR exp
Rule 24    expresion_exp -> OP_MAYORIGUAL exp
Rule 25    expresion_exp -> OP_MENORIGUAL exp
Rule 26    expresion_exp -> OP_DIF exp
Rule 27    expresion_exp -> OP_IGUAL exp
Rule 28    ciclo -> MIENTRAS ciclo_marca PAR_ABRE expresion ciclo_cond_prep PAR_CIERRA HAZ cuerpo PUNTO_Y_COMA
Rule 29    ciclo_cond_prep -> <empty>
Rule 30    ciclo_marca -> <empty>
Rule 31    condicion -> SI PAR_ABRE expresion condicion_marca PAR_CIERRA cuerpo condicion_cuerpo PUNTO_Y_COMA
Rule 32    condicion_marca -> <empty>
Rule 33    condicion_cuerpo -> empty
Rule 34    condicion_cuerpo -> SINO condicion_else_marca cuerpo
Rule 35    condicion_else_marca -> <empty>
Rule 36    imprime -> ESCRIBE PAR_ABRE imprime_exp PAR_CIERRA PUNTO_Y_COMA
Rule 37    imprime_exp -> expresion imprime_exp_p
Rule 38    imprime_exp -> LETRERO imprime_exp_p
Rule 39    imprime_exp_p -> empty
Rule 40    imprime_exp_p -> COMA imprime_exp
Rule 41    llamada -> ID PAR_ABRE llamada_expresion PAR_CIERRA
Rule 42    llamada_expresion -> empty
Rule 43    llamada_expresion -> expresion llamada_ex
Rule 44    llamada_ex -> empty
Rule 45    llamada_ex -> COMA expresion llamada_ex
Rule 46    factor -> PAR_ABRE expresion PAR_CIERRA
Rule 47    factor -> factor_sr factor_cte
Rule 48    factor_sr -> empty
Rule 49    factor_sr -> factor_rs
Rule 50    factor_rs -> OP_SUMA
Rule 51    factor_rs -> OP_RESTA
Rule 52    factor_cte -> ID
Rule 53    factor_cte -> cte
Rule 54    factor_cte -> llamada
Rule 55    vars -> VARS ID vars_todo
Rule 56    vars_todo -> vars_coma DOS_PUNTOS tipo PUNTO_Y_COMA vars_final
Rule 57    vars_coma -> empty
Rule 58    vars_coma -> COMA ID vars_coma
Rule 59    vars_final -> empty
Rule 60    vars_final -> vars_todo
Rule 61    func_header -> funcs_nt ID PAR_ABRE func_tipo PAR_CIERRA
Rule 62    funcs -> func_header LLAVE_ABRE func_vars cuerpo LLAVE_CIERRA PUNTO_Y_COMA
Rule 63    funcs_nt -> NULA
Rule 64    funcs_nt -> tipo
Rule 65    func_tipo -> empty
Rule 66    func_tipo -> ID DOS_PUNTOS tipo funcs_coma
Rule 67    funcs_coma -> empty
Rule 68    funcs_coma -> COMA ID DOS_PUNTOS tipo funcs_coma
Rule 69    func_vars -> empty
Rule 70    func_vars -> vars
Rule 71    exp -> termino exp_termino
Rule 72    exp_termino -> empty
Rule 73    exp_termino -> OP_SUMA exp
Rule 74    exp_termino -> OP_RESTA exp
Rule 75    termino -> factor termino_factor
Rule 76    termino_factor -> empty
Rule 77    termino_factor -> OP_MULT termino
Rule 78    termino_factor -> OP_DIV termino
Rule 79    programa -> PROGRAMA ID PUNTO_Y_COMA program_entry pro_vars pro_funcs INICIO program_main cuerpo FIN
Rule 80    program_entry -> <empty>
Rule 81    program_main -> <empty>
Rule 82    pro_vars -> empty
Rule 83    pro_vars -> vars
Rule 84    pro_funcs -> empty
Rule 85    pro_funcs -> pro_funcs_list
Rule 86    pro_funcs_list -> funcs
Rule 87    pro_funcs_list -> pro_funcs_list funcs
Rule 88    empty -> <empty>

Terminals, with rules where they appear

COMA                 : 40 45 58 68
CORA_ABRE            : 14
CORA_CIERRA          : 14
CTE_ENT              : 3
CTE_FLOT             : 4
DOS_PUNTOS           : 56 66 68
ENTERO               : 1
ESCRIBE              : 36
FIN                  : 79
FLOTANTE             : 2
HAZ                  : 28
ID                   : 7 41 52 55 58 61 66 68 79
INICIO               : 79
LETRERO              : 38
LLAVE_ABRE           : 17 62
LLAVE_CIERRA         : 17 62
MIENTRAS             : 28
NULA                 : 63
OP_ASIG              : 7
OP_DIF               : 26
OP_DIV               : 78
OP_IGUAL             : 27
OP_MAYOR             : 22
OP_MAYORIGUAL        : 24
OP_MENOR             : 23
OP_MENORIGUAL        : 25
OP_MULT              : 77
OP_RESTA             : 51 74
OP_SUMA              : 50 73
PAR_ABRE             : 28 31 36 41 46 61
PAR_CIERRA           : 28 31 36 41 46 61
PROGRAMA             : 79
PUNTO_Y_COMA         : 5 6 7 11 28 31 36 56 62 79
RETURN               : 5 6
SI                   : 31
SINO                 : 34
VARS                 : 55
error                : 

Nonterminals, with rules where they appear

asigna               : 8
ciclo                : 10
ciclo_cond_prep      : 28
ciclo_marca          : 28
condicion            : 9
condicion_cuerpo     : 31
condicion_else_marca : 34
condicion_marca      : 31
cte                  : 53
cuerpo               : 28 31 34 62 79
cuerpo_estat         : 17 19
empty                : 15 18 21 33 39 42 44 48 57 59 65 67 69 72 76 82 84
estatuto             : 16 19
exp                  : 20 22 23 24 25 26 27 73 74
exp_termino          : 71
expresion            : 5 7 28 31 37 43 45 46
expresion_exp        : 20
factor               : 75
factor_cte           : 47
factor_rs            : 49
factor_sr            : 47
func_header          : 62
func_tipo            : 61
func_vars            : 62
funcs                : 86 87
funcs_coma           : 66 68
funcs_nt             : 61
imprime              : 12
imprime_exp          : 36 40
imprime_exp_p        : 37 38
list_estatuto        : 14 16
llamada              : 11 54
llamada_ex           : 43 45
llamada_expresion    : 41
pro_funcs            : 79
pro_funcs_list       : 85 87
pro_vars             : 79
program_entry        : 79
program_main         : 79
programa             : 0
retorno              : 13
termino              : 71 77 78
termino_factor       : 75
tipo                 : 56 64 66 68
vars                 : 70 83
vars_coma            : 56 58
vars_final           : 56
vars_todo            : 55 60

Parsing method: LALR

state 0

    (0) S' -> . programa
    (79) programa -> . PROGRAMA ID PUNTO_Y_COMA program_entry pro_vars pro_funcs INICIO program_main cuerpo FIN

    PROGRAMA        shift and go to state 2

    programa                       shift and go to state 1

state 1

    (0) S' -> programa .



state 2

    (79) programa -> PROGRAMA . ID PUNTO_Y_COMA program_entry pro_vars pro_funcs INICIO program_main cuerpo FIN

    ID              shift and go to state 3


state 3

    (79) programa -> PROGRAMA ID . PUNTO_Y_COMA program_entry pro_vars pro_funcs INICIO program_main cuerpo FIN

    PUNTO_Y_COMA    shift and go to state 4


state 4

    (79) programa -> PROGRAMA ID PUNTO_Y_COMA . program_entry pro_vars pro_funcs INICIO program_main cuerpo FIN
    (80) program_entry -> .

    VARS            reduce using rule 80 (program_entry -> .)
    NULA            reduce using rule 80 (program_entry -> .)
    ENTERO          reduce using rule 80 (program_entry -> .)
    FLOTANTE        reduce using rule 80 (program_entry -> .)
    INICIO          reduce using rule 80 (program_entry -> .)

    program_entry                  shift and go to state 5

state 5

    (79) programa -> PROGRAMA ID PUNTO_Y_COMA program_entry . pro_vars pro_funcs INICIO program_main cuerpo FIN
    (82) pro_vars -> . empty
    (83) pro_vars -> . vars
    (88) empty -> .
    (55) vars -> . VARS ID vars_todo

    NULA            reduce using rule 88 (empty -> .)
    ENTERO          reduce using rule 88 (empty -> .)
    FLOTANTE        reduce using rule 88 (empty -> .)
    INICIO          reduce using rule 88 (empty -> .)
    VARS            shift and go to state 9

    pro_vars                       shift and go to state 6
    empty                          shift and go to state 7
    vars                           shift and go to state 8

state 6

    (79) programa -> PROGRAMA ID PUNTO_Y_COMA program_entry pro_vars . pro_funcs INICIO program_main cuerpo FIN
    (84) pro_funcs -> . empty
    (85) pro_funcs -> . pro_funcs_list
    (88) empty -> .
    (86) pro_funcs_list -> . funcs
    (87) pro_funcs_list -> . pro_funcs_list funcs
    (62) funcs -> . func_header LLAVE_ABRE func_vars cuerpo LLAVE_CIERRA PUNTO_Y_COMA
    (61) func_header -> . funcs_nt ID PAR_ABRE func_tipo PAR_CIERRA
    (63) funcs_nt -> . NULA
    (64) funcs_nt -> . tipo
    (1) tipo -> . ENTERO
    (2) tipo -> . FLOTANTE

    INICIO          reduce using rule 88 (empty -> .)
    NULA            shift and go to state 16
    ENTERO          shift and go to state 18
    FLOTANTE        shift and go to state 19

    pro_funcs                      shift and go to state 10
    empty                          shift and go to state 11
    pro_funcs_list                 shift and go to state 12
    funcs                          shift and go to state 13
    func_header                    shift and go to state 14
    funcs_nt                       shift and go to state 15
    tipo                           shift and go to state 17

state 7

    (82) pro_vars -> empty .

    NULA            reduce using rule 82 (pro_vars -> empty .)
    ENTERO          reduce using rule 82 (pro_vars -> empty .)
    FLOTANTE        reduce using rule 82 (pro_vars -> empty .)
    INICIO          reduce using rule 82 (pro_vars -> empty .)


state 8

    (83) pro_vars -> vars .

    NULA            reduce using rule 83 (pro_vars -> vars .)
    ENTERO          reduce using rule 83 (pro_vars -> vars .)
    FLOTANTE        reduce using rule 83 (pro_vars -> vars .)
    INICIO          reduce using rule 83 (pro_vars -> vars .)


state 9

    (55) vars -> VARS . ID vars_todo

    ID              shift and go to state 20


state 10

    (79) programa -> PROGRAMA ID PUNTO_Y_COMA program_entry pro_vars pro_funcs . INICIO program_main cuerpo FIN

    INICIO          shift and go to state 21


state 11

    (84) pro_funcs -> empty .

    INICIO          reduce using rule 84 (pro_funcs -> empty .)


state 12

    (85) pro_funcs -> pro_funcs_list .
    (87) pro_funcs_list -> pro_funcs_list . funcs
    (62) funcs -> . func_header LLAVE_ABRE func_vars cuerpo LLAVE_CIERRA PUNTO_Y_COMA
    (61) func_header -> . funcs_nt ID PAR_ABRE func_tipo PAR_CIERRA
    (63) funcs_nt -> . NULA
    (64) funcs_nt -> . tipo
    (1) tipo -> . ENTERO
    (2) tipo -> . FLOTANTE

    INICIO          reduce using rule 85 (pro_funcs -> pro_funcs_list .)
    NULA            shift and go to state 16
    ENTERO          shift and go to state 18
    FLOTANTE        shift and go to state 19

    funcs                          shift and go to state 22
    func_header                    shift and go to state 14
    funcs_nt                       shift and go to state 15
    tipo                           shift and go to state 17

state 13

    (86) pro_funcs_list -> funcs .

    NULA            reduce using rule 86 (pro_funcs_list -> funcs .)
    ENTERO          reduce using rule 86 (pro_funcs_list -> funcs .)
    FLOTANTE        reduce using rule 86 (pro_funcs_list -> funcs .)
    INICIO          reduce using rule 86 (pro_funcs_list -> funcs .)


state 14

    (62) funcs -> func_header . LLAVE_ABRE func_vars cuerpo LLAVE_CIERRA PUNTO_Y_COMA

    LLAVE_ABRE      shift and go to state 23


state 15

    (61) func_header -> funcs_nt . ID PAR_ABRE func_tipo PAR_CIERRA

    ID              shift and go to state 24


state 16

    (63) funcs_nt -> NULA .

    ID              reduce using rule 63 (funcs_nt -> NULA .)


state 17

    (64) funcs_nt -> tipo .

    ID              reduce using rule 64 (funcs_nt -> tipo .)


state 18

    (1) tipo -> ENTERO .

    ID              reduce using rule 1 (tipo -> ENTERO .)
    PUNTO_Y_COMA    reduce using rule 1 (tipo -> ENTERO .)
    COMA            reduce using rule 1 (tipo -> ENTERO .)
    PAR_CIERRA      reduce using rule 1 (tipo -> ENTERO .)


state 19

    (2) tipo -> FLOTANTE .

    ID              reduce using rule 2 (tipo -> FLOTANTE .)
    PUNTO_Y_COMA    reduce using rule 2 (tipo -> FLOTANTE .)
    COMA            reduce using rule 2 (tipo -> FLOTANTE .)
    PAR_CIERRA      reduce using rule 2 (tipo -> FLOTANTE .)


state 20

    (55) vars -> VARS ID . vars_todo
    (56) vars_todo -> . vars_coma DOS_PUNTOS tipo PUNTO_Y_COMA vars_final
    (57) vars_coma -> . empty
    (58) vars_coma -> . COMA ID vars_coma
    (88) empty -> .

    COMA            shift and go to state 28
    DOS_PUNTOS      reduce using rule 88 (empty -> .)

    vars_todo                      shift and go to state 25
    vars_coma                      shift and go to state 26
    empty                          shift and go to state 27

state 21

    (79) programa -> PROGRAMA ID PUNTO_Y_COMA program_entry pro_vars pro_funcs INICIO . program_main cuerpo FIN
    (81) program_main -> .

    LLAVE_ABRE      reduce using rule 81 (program_main -> .)

    program_main                   shift and go to state 29

state 22

    (87) pro_funcs_list -> pro_funcs_list funcs .

    NULA            reduce using rule 87 (pro_funcs_list -> pro_funcs_list funcs .)
    ENTERO          reduce using rule 87 (pro_funcs_list -> pro_funcs_list funcs .)
    FLOTANTE        reduce using rule 87 (pro_funcs_list -> pro_funcs_list funcs .)
    INICIO          reduce using rule 87 (pro_funcs_list -> pro_funcs_list funcs .)


state 23

    (62) funcs -> func_header LLAVE_ABRE . func_vars cuerpo LLAVE_CIERRA PUNTO_Y_COMA
    (69) func_vars -> . empty
    (70) func_vars -> . vars
    (88) empty -> .
    (55) vars -> . VARS ID vars_todo

    LLAVE_ABRE      reduce using rule 88 (empty -> .)
    VARS            shift and go to state 9

    func_vars                      shift and go to state 30
    empty                          shift and go to state 31
    vars                           shift and go to state 32

state 24

    (61) func_header -> funcs_nt ID . PAR_ABRE func_tipo PAR_CIERRA

    PAR_ABRE        shift and go to state 33


state 25

    (55) vars -> VARS ID vars_todo .

    NULA            reduce using rule 55 (vars -> VARS ID vars_todo .)
    ENTERO          reduce using rule 55 (vars -> VARS ID vars_todo .)
    FLOTANTE        reduce using rule 55 (vars -> VARS ID vars_todo .)
    INICIO          reduce using rule 55 (vars -> VARS ID vars_todo .)
    LLAVE_ABRE      reduce using rule 55 (vars -> VARS ID vars_todo .)


state 26

    (56) vars_todo -> vars_coma . DOS_PUNTOS tipo PUNTO_Y_COMA vars_final

    DOS_PUNTOS      shift and go to state 34


state 27

    (57) vars_coma -> empty .

    DOS_PUNTOS      reduce using rule 57 (vars_coma -> empty .)


state 28

    (58) vars_coma -> COMA . ID vars_coma

    ID              shift and go to state 35


state 29

    (79) programa -> PROGRAMA ID PUNTO_Y_COMA program_entry pro_vars pro_funcs INICIO program_main . cuerpo FIN
    (17) cuerpo -> . LLAVE_ABRE cuerpo_estat LLAVE_CIERRA

    LLAVE_ABRE      shift and go to state 37

    cuerpo                         shift and go to state 36

state 30

    (62) funcs -> func_header LLAVE_ABRE func_vars . cuerpo LLAVE_CIERRA PUNTO_Y_COMA
    (17) cuerpo -> . LLAVE_ABRE cuerpo_estat LLAVE_CIERRA

    LLAVE_ABRE      shift and go to state 37

    cuerpo                         shift and go to state 38

state 31

    (69) func_vars -> empty .

    LLAVE_ABRE      reduce using rule 69 (func_vars -> empty .)


state 32

    (70) func_vars -> vars .

    LLAVE_ABRE      reduce using rule 70 (func_vars -> vars .)


state 33

    (61) func_header -> funcs_nt ID PAR_ABRE . func_tipo PAR_CIERRA
    (65) func_tipo -> . empty
    (66) func_tipo -> . ID DOS_PUNTOS tipo funcs_coma
    (88) empty -> .

    ID              shift and go to state 39
    PAR_CIERRA      reduce using rule 88 (empty -> .)

    func_tipo                      shift and go to state 40
    empty                          shift and go to state 41

state 34

    (56) vars_todo -> vars_coma DOS_PUNTOS . tipo PUNTO_Y_COMA vars_final
    (1) tipo -> . ENTERO
    (2) tipo -> . FLOTANTE

    ENTERO          shift and go to state 18
    FLOTANTE        shift and go to state 19

    tipo                           shift and go to state 42

state 35

    (58) vars_coma -> COMA ID . vars_coma
    (57) vars_coma -> . empty
    (58) vars_coma -> . COMA ID vars_coma
    (88) empty -> .

    COMA            shift and go to state 28
    DOS_PUNTOS      reduce using rule 88 (empty -> .)

    vars_coma                      shift and go to state 43
    empty                          shift and go to state 27

state 36

    (79) programa -> PROGRAMA ID PUNTO_Y_COMA program_entry pro_vars pro_funcs INICIO program_main cuerpo . FIN

    FIN             shift and go to state 44


state 37

    (17) cuerpo -> LLAVE_ABRE . cuerpo_estat LLAVE_CIERRA
    (18) cuerpo_estat -> . empty
    (19) cuerpo_estat -> . estatuto cuerpo_estat
    (88) empty -> .
    (8) estatuto -> . asigna
    (9) estatuto -> . condicion
    (10) estatuto -> . ciclo
    (11) estatuto -> . llamada PUNTO_Y_COMA
    (12) estatuto -> . imprime
    (13) estatuto -> . retorno
    (14) estatuto -> . CORA_ABRE list_estatuto CORA_CIERRA
    (7) asigna -> . ID OP_ASIG expresion PUNTO_Y_COMA
    (31) condicion -> . SI PAR_ABRE expresion condicion_marca PAR_CIERRA cuerpo condicion_cuerpo PUNTO_Y_COMA
    (28) ciclo -> . MIENTRAS ciclo_marca PAR_ABRE expresion ciclo_cond_prep PAR_CIERRA HAZ cuerpo PUNTO_Y_COMA
    (41) llamada -> . ID PAR_ABRE llamada_expresion PAR_CIERRA
    (36) imprime -> . ESCRIBE PAR_ABRE imprime_exp PAR_CIERRA PUNTO_Y_COMA
    (5) retorno -> . RETURN expresion PUNTO_Y_COMA
    (6) retorno -> . RETURN PUNTO_Y_COMA

    LLAVE_CIERRA    reduce using rule 88 (empty -> .)
    CORA_ABRE       shift and go to state 54
    ID              shift and go to state 55
    SI              shift and go to state 56
    MIENTRAS        shift and go to state 57
    ESCRIBE         shift and go to state 58
    RETURN          shift and go to state 59

    cuerpo_estat                   shift and go to state 45
    empty                          shift and go to state 46
    estatuto                       shift and go to state 47
    asigna                         shift and go to state 48
    condicion                      shift and go to state 49
    ciclo                          shift and go to state 50
    llamada                        shift and go to state 51
    imprime                        shift and go to state 52
    retorno                        shift and go to state 53

state 38

    (62) funcs -> func_header LLAVE_ABRE func_vars cuerpo . LLAVE_CIERRA PUNTO_Y_COMA

    LLAVE_CIERRA    shift and go to state 60


state 39

    (66) func_tipo -> ID . DOS_PUNTOS tipo funcs_coma

    DOS_PUNTOS      shift and go to state 61


state 40

    (61) func_header -> funcs_nt ID PAR_ABRE func_tipo . PAR_CIERRA

    PAR_CIERRA      shift and go to state 62


state 41

    (65) func_tipo -> empty .

    PAR_CIERRA      reduce using rule 65 (func_tipo -> empty .)


state 42

    (56) vars_todo -> vars_coma DOS_PUNTOS tipo . PUNTO_Y_COMA vars_final

    PUNTO_Y_COMA    shift and go to state 63


state 43

    (58) vars_coma -> COMA ID vars_coma .

    DOS_PUNTOS      reduce using rule 58 (vars_coma -> COMA ID vars_coma .)


state 44

    (79) programa -> PROGRAMA ID PUNTO_Y_COMA program_entry pro_vars pro_funcs INICIO program_main cuerpo FIN .

    $end            reduce using rule 79 (programa -> PROGRAMA ID PUNTO_Y_COMA program_entry pro_vars pro_funcs INICIO program_main cuerpo FIN .)


state 45

    (17) cuerpo -> LLAVE_ABRE cuerpo_estat . LLAVE_CIERRA

    LLAVE_CIERRA    shift and go to state 64


state 46

    (18) cuerpo_estat -> empty .

    LLAVE_CIERRA    reduce using rule 18 (cuerpo_estat -> empty .)


state 47

    (19) cuerpo_estat -> estatuto . cuerpo_estat
    (18) cuerpo_estat -> . empty
    (19) cuerpo_estat -> . estatuto cuerpo_estat
    (88) empty -> .
    (8) estatuto -> . asigna
    (9) estatuto -> . condicion
    (10) estatuto -> . ciclo
    (11) estatuto -> . llamada PUNTO_Y_COMA
    (12) estatuto -> . imprime
    (13) estatuto -> . retorno
    (14) estatuto -> . CORA_ABRE list_estatuto CORA_CIERRA
    (7) asigna -> . ID OP_ASIG expresion PUNTO_Y_COMA
    (31) condicion -> . SI PAR_ABRE expresion condicion_marca PAR_CIERRA cuerpo condicion_cuerpo PUNTO_Y_COMA
    (28) ciclo -> . MIENTRAS ciclo_marca PAR_ABRE expresion ciclo_cond_prep PAR_CIERRA HAZ cuerpo PUNTO_Y_COMA
    (41) llamada -> . ID PAR_ABRE llamada_expresion PAR_CIERRA
    (36) imprime -> . ESCRIBE PAR_ABRE imprime_exp PAR_CIERRA PUNTO_Y_COMA
    (5) retorno -> . RETURN expresion PUNTO_Y_COMA
    (6) retorno -> . RETURN PUNTO_Y_COMA

    LLAVE_CIERRA    reduce using rule 88 (empty -> .)
    CORA_ABRE       shift and go to state 54
    ID              shift and go to state 55
    SI              shift and go to state 56
    MIENTRAS        shift and go to state 57
    ESCRIBE         shift and go to state 58
    RETURN          shift and go to state 59

    estatuto                       shift and go to state 47
    cuerpo_estat                   shift and go to state 65
    empty                          shift and go to state 46
    asigna                         shift and go to state 48
    condicion                      shift and go to state 49
    ciclo                          shift and go to state 50
    llamada                        shift and go to state 51
    imprime                        shift and go to state 52
    retorno                        shift and go to state 53

state 48

    (8) estatuto -> asigna .

    CORA_ABRE       reduce using rule 8 (estatuto -> asigna .)
    ID              reduce using rule 8 (estatuto -> asigna .)
    SI              reduce using rule 8 (estatuto -> asigna .)
    MIENTRAS        reduce using rule 8 (estatuto -> asigna .)
    ESCRIBE         reduce using rule 8 (estatuto -> asigna .)
    RETURN          reduce using rule 8 (estatuto -> asigna .)
    LLAVE_CIERRA    reduce using rule 8 (estatuto -> asigna .)
    CORA_CIERRA     reduce using rule 8 (estatuto -> asigna .)


state 49

    (9) estatuto -> condicion .

    CORA_ABRE       reduce using rule 9 (estatuto -> condicion .)
    ID              reduce using rule 9 (estatuto -> condicion .)
    SI              reduce using rule 9 (estatuto -> condicion .)
    MIENTRAS        reduce using rule 9 (estatuto -> condicion .)
    ESCRIBE         reduce using rule 9 (estatuto -> condicion .)
    RETURN          reduce using rule 9 (estatuto -> condicion .)
    LLAVE_CIERRA    reduce using rule 9 (estatuto -> condicion .)
    CORA_CIERRA     reduce using rule 9 (estatuto -> condicion .)


state 50

    (10) estatuto -> ciclo .

    CORA_ABRE       reduce using rule 10 (estatuto -> ciclo .)
    ID              reduce using rule 10 (estatuto -> ciclo .)
    SI              reduce using rule 10 (estatuto -> ciclo .)
    MIENTRAS        reduce using rule 10 (estatuto -> ciclo .)
    ESCRIBE         reduce using rule 10 (estatuto -> ciclo .)
    RETURN          reduce using rule 10 (estatuto -> ciclo .)
    LLAVE_CIERRA    reduce using rule 10 (estatuto -> ciclo .)
    CORA_CIERRA     reduce using rule 10 (estatuto -> ciclo .)


state 51

    (11) estatuto -> llamada . PUNTO_Y_COMA

    PUNTO_Y_COMA    shift and go to state 66


state 52

    (12) estatuto -> imprime .

    CORA_ABRE       reduce using rule 12 (estatuto -> imprime .)
    ID              reduce using rule 12 (estatuto -> imprime .)
    SI              reduce using rule 12 (estatuto -> imprime .)
    MIENTRAS        reduce using rule 12 (estatuto -> imprime .)
    ESCRIBE         reduce using rule 12 (estatuto -> imprime .)
    RETURN          reduce using rule 12 (estatuto -> imprime .)
    LLAVE_CIERRA    reduce using rule 12 (estatuto -> imprime .)
    CORA_CIERRA     reduce using rule 12 (estatuto -> imprime .)


state 53

    (13) estatuto -> retorno .

    CORA_ABRE       reduce using rule 13 (estatuto -> retorno .)
    ID              reduce using rule 13 (estatuto -> retorno .)
    SI              reduce using rule 13 (estatuto -> retorno .)
    MIENTRAS        reduce using rule 13 (estatuto -> retorno .)
    ESCRIBE         reduce using rule 13 (estatuto -> retorno .)
    RETURN          reduce using rule 13 (estatuto -> retorno .)
    LLAVE_CIERRA    reduce using rule 13 (estatuto -> retorno .)
    CORA_CIERRA     reduce using rule 13 (estatuto -> retorno .)


state 54

    (14) estatuto -> CORA_ABRE . list_estatuto CORA_CIERRA
    (15) list_estatuto -> . empty
    (16) list_estatuto -> . estatuto list_estatuto
    (88) empty -> .
    (8) estatuto -> . asigna
    (9) estatuto -> . condicion
    (10) estatuto -> . ciclo
    (11) estatuto -> . llamada PUNTO_Y_COMA
    (12) estatuto -> . imprime
    (13) estatuto -> . retorno
    (14) estatuto -> . CORA_ABRE list_estatuto CORA_CIERRA
    (7) asigna -> . ID OP_ASIG expresion PUNTO_Y_COMA
    (31) condicion -> . SI PAR_ABRE expresion condicion_marca PAR_CIERRA cuerpo condicion_cuerpo PUNTO_Y_COMA
    (28) ciclo -> . MIENTRAS ciclo_marca PAR_ABRE expresion ciclo_cond_prep PAR_CIERRA HAZ cuerpo PUNTO_Y_COMA
    (41) llamada -> . ID PAR_ABRE llamada_expresion PAR_CIERRA
    (36) imprime -> . ESCRIBE PAR_ABRE imprime_exp PAR_CIERRA PUNTO_Y_COMA
    (5) retorno -> . RETURN expresion PUNTO_Y_COMA
    (6) retorno -> . RETURN PUNTO_Y_COMA

    CORA_CIERRA     reduce using rule 88 (empty -> .)
    CORA_ABRE       shift and go to state 54
    ID              shift and go to state 55
    SI              shift and go to state 56
    MIENTRAS        shift and go to state 57
    ESCRIBE         shift and go to state 58
    RETURN          shift and go to state 59

    list_estatuto                  shift and go to state 67
    empty                          shift and go to state 68
    estatuto                       shift and go to state 69
    asigna                         shift and go to state 48
    condicion                      shift and go to state 49
    ciclo                          shift and go to state 50
    llamada                        shift and go to state 51
    imprime                        shift and go to state 52
    retorno                        shift and go to state 53

state 55

    (7) asigna -> ID . OP_ASIG expresion PUNTO_Y_COMA
    (41) llamada -> ID . PAR_ABRE llamada_expresion PAR_CIERRA

    OP_ASIG         shift and go to state 70
    PAR_ABRE        shift and go to state 71


state 56

    (31) condicion -> SI . PAR_ABRE expresion condicion_marca PAR_CIERRA cuerpo condicion_cuerpo PUNTO_Y_COMA

    PAR_ABRE        shift and go to state 72


state 57

    (28) ciclo -> MIENTRAS . ciclo_marca PAR_ABRE expresion ciclo_cond_prep PAR_CIERRA HAZ cuerpo PUNTO_Y_COMA
    (30) ciclo_marca -> .

    PAR_ABRE        reduce using rule 30 (ciclo_marca -> .)

    ciclo_marca                    shift and go to state 73

state 58

    (36) imprime -> ESCRIBE . PAR_ABRE imprime_exp PAR_CIERRA PUNTO_Y_COMA

    PAR_ABRE        shift and go to state 74


state 59

    (5) retorno -> RETURN . expresion PUNTO_Y_COMA
    (6) retorno -> RETURN . PUNTO_Y_COMA
    (20) expresion -> . exp expresion_exp
    (71) exp -> . termino exp_termino
    (75) termino -> . factor termino_factor
    (46) factor -> . PAR_ABRE expresion PAR_CIERRA
    (47) factor -> . factor_sr factor_cte
    (48) factor_sr -> . empty
    (49) factor_sr -> . factor_rs
    (88) empty -> .
    (50) factor_rs -> . OP_SUMA
    (51) factor_rs -> . OP_RESTA

    PUNTO_Y_COMA    shift and go to state 76
    PAR_ABRE        shift and go to state 80
    ID              reduce using rule 88 (empty -> .)
    CTE_ENT         reduce using rule 88 (empty -> .)
    CTE_FLOT        reduce using rule 88 (empty -> .)
    OP_SUMA         shift and go to state 84
    OP_RESTA        shift and go to state 85

    expresion                      shift and go to state 75
    exp                            shift and go to state 77
    termino                        shift and go to state 78
    factor                         shift and go to state 79
    factor_sr                      shift and go to state 81
    empty                          shift and go to state 82
    factor_rs                      shift and go to state 83

state 60

    (62) funcs -> func_header LLAVE_ABRE func_vars cuerpo LLAVE_CIERRA . PUNTO_Y_COMA

    PUNTO_Y_COMA    shift and go to state 86


state 61

    (66) func_tipo -> ID DOS_PUNTOS . tipo funcs_coma
    (1) tipo -> . ENTERO
    (2) tipo -> . FLOTANTE

    ENTERO          shift and go to state 18
    FLOTANTE        shift and go to state 19

    tipo                           shift and go to state 87

state 62

    (61) func_header -> funcs_nt ID PAR_ABRE func_tipo PAR_CIERRA .

    LLAVE_ABRE      reduce using rule 61 (func_header -> funcs_nt ID PAR_ABRE func_tipo PAR_CIERRA .)


state 63

    (56) vars_todo -> vars_coma DOS_PUNTOS tipo PUNTO_Y_COMA . vars_final
    (59) vars_final -> . empty
    (60) vars_final -> . vars_todo
    (88) empty -> .
    (56) vars_todo -> . vars_coma DOS_PUNTOS tipo PUNTO_Y_COMA vars_final
    (57) vars_coma -> . empty
    (58) vars_coma -> . COMA ID vars_coma

    NULA            reduce using rule 88 (empty -> .)
    ENTERO          reduce using rule 88 (empty -> .)
    FLOTANTE        reduce using rule 88 (empty -> .)
    INICIO          reduce using rule 88 (empty -> .)
    LLAVE_ABRE      reduce using rule 88 (empty -> .)
    DOS_PUNTOS      reduce using rule 88 (empty -> .)
    COMA            shift and go to state 28

    vars_coma                      shift and go to state 26
    vars_final                     shift and go to state 88
    empty                          shift and go to state 89
    vars_todo                      shift and go to state 90

state 64

    (17) cuerpo -> LLAVE_ABRE cuerpo_estat LLAVE_CIERRA .

    FIN             reduce using rule 17 (cuerpo -> LLAVE_ABRE cuerpo_estat LLAVE_CIERRA .)
    LLAVE_CIERRA    reduce using rule 17 (cuerpo -> LLAVE_ABRE cuerpo_estat LLAVE_CIERRA .)
    SINO            reduce using rule 17 (cuerpo -> LLAVE_ABRE cuerpo_estat LLAVE_CIERRA .)
    PUNTO_Y_COMA    reduce using rule 17 (cuerpo -> LLAVE_ABRE cuerpo_estat LLAVE_CIERRA .)


state 65

    (19) cuerpo_estat -> estatuto cuerpo_estat .

    LLAVE_CIERRA    reduce using rule 19 (cuerpo_estat -> estatuto cuerpo_estat .)


state 66

    (11) estatuto -> llamada PUNTO_Y_COMA .

    CORA_ABRE       reduce using rule 11 (estatuto -> llamada PUNTO_Y_COMA .)
    ID              reduce using rule 11 (estatuto -> llamada PUNTO_Y_COMA .)
    SI              reduce using rule 11 (estatuto -> llamada PUNTO_Y_COMA .)
    MIENTRAS        reduce using rule 11 (estatuto -> llamada PUNTO_Y_COMA .)
    ESCRIBE         reduce using rule 11 (estatuto -> llamada PUNTO_Y_COMA .)
    RETURN          reduce using rule 11 (estatuto -> llamada PUNTO_Y_COMA .)
    LLAVE_CIERRA    reduce using rule 11 (estatuto -> llamada PUNTO_Y_COMA .)
    CORA_CIERRA     reduce using rule 11 (estatuto -> llamada PUNTO_Y_COMA .)


state 67

    (14) estatuto -> CORA_ABRE list_estatuto . CORA_CIERRA

    CORA_CIERRA     shift and go to state 91


state 68

    (15) list_estatuto -> empty .

    CORA_CIERRA     reduce using rule 15 (list_estatuto -> empty .)


state 69

    (16) list_estatuto -> estatuto . list_estatuto
    (15) list_estatuto -> . empty
    (16) list_estatuto -> . estatuto list_estatuto
    (88) empty -> .
    (8) estatuto -> . asigna
    (9) estatuto -> . condicion
    (10) estatuto -> . ciclo
    (11) estatuto -> . llamada PUNTO_Y_COMA
    (12) estatuto -> . imprime
    (13) estatuto -> . retorno
    (14) estatuto -> . CORA_ABRE list_estatuto CORA_CIERRA
    (7) asigna -> . ID OP_ASIG expresion PUNTO_Y_COMA
    (31) condicion -> . SI PAR_ABRE expresion condicion_marca PAR_CIERRA cuerpo condicion_cuerpo PUNTO_Y_COMA
    (28) ciclo -> . MIENTRAS ciclo_marca PAR_ABRE expresion ciclo_cond_prep PAR_CIERRA HAZ cuerpo PUNTO_Y_COMA
    (41) llamada -> . ID PAR_ABRE llamada_expresion PAR_CIERRA
    (36) imprime -> . ESCRIBE PAR_ABRE imprime_exp PAR_CIERRA PUNTO_Y_COMA
    (5) retorno -> . RETURN expresion PUNTO_Y_COMA
    (6) retorno -> . RETURN PUNTO_Y_COMA

    CORA_CIERRA     reduce using rule 88 (empty -> .)
    CORA_ABRE       shift and go to state 54
    ID              shift and go to state 55
    SI              shift and go to state 56
    MIENTRAS        shift and go to state 57
    ESCRIBE         shift and go to state 58
    RETURN          shift and go to state 59

    estatuto                       shift and go to state 69
    list_estatuto                  shift and go to state 92
    empty                          shift and go to state 68
    asigna                         shift and go to state 48
    condicion                      shift and go to state 49
    ciclo                          shift and go to state 50
    llamada                        shift and go to state 51
    imprime                        shift and go to state 52
    retorno                        shift and go to state 53

state 70

    (7) asigna -> ID OP_ASIG . expresion PUNTO_Y_COMA
    (20) expresion -> . exp expresion_exp
    (71) exp -> . termino exp_termino
    (75) termino -> . factor termino_factor
    (46) factor -> . PAR_ABRE expresion PAR_CIERRA
    (47) factor -> . factor_sr factor_cte
    (48) factor_sr -> . empty
    (49) factor_sr -> . factor_rs
    (88) empty -> .
    (50) factor_rs -> . OP_SUMA
    (51) factor_rs -> . OP_RESTA

    PAR_ABRE        shift and go to state 80
    ID              reduce using rule 88 (empty -> .)
    CTE_ENT         reduce using rule 88 (empty -> .)
    CTE_FLOT        reduce using rule 88 (empty -> .)
    OP_SUMA         shift and go to state 84
    OP_RESTA        shift and go to state 85

    expresion                      shift and go to state 93
    exp                            shift and go to state 77
    termino                        shift and go to state 78
    factor                         shift and go to state 79
    factor_sr                      shift and go to state 81
    empty                          shift and go to state 82
    factor_rs                      shift and go to state 83

state 71

    (41) llamada -> ID PAR_ABRE . llamada_expresion PAR_CIERRA
    (42) llamada_expresion -> . empty
    (43) llamada_expresion -> . expresion llamada_ex
    (88) empty -> .
    (20) expresion -> . exp expresion_exp
    (71) exp -> . termino exp_termino
    (75) termino -> . factor termino_factor
    (46) factor -> . PAR_ABRE expresion PAR_CIERRA
    (47) factor -> . factor_sr factor_cte
    (48) factor_sr -> . empty
    (49) factor_sr -> . factor_rs
    (50) factor_rs -> . OP_SUMA
    (51) factor_rs -> . OP_RESTA

    PAR_CIERRA      reduce using rule 88 (empty -> .)
    ID              reduce using rule 88 (empty -> .)
    CTE_ENT         reduce using rule 88 (empty -> .)
    CTE_FLOT        reduce using rule 88 (empty -> .)
    PAR_ABRE        shift and go to state 80
    OP_SUMA         shift and go to state 84
    OP_RESTA        shift and go to state 85

    llamada_expresion              shift and go to state 94
    empty                          shift and go to state 95
    expresion                      shift and go to state 96
    exp                            shift and go to state 77
    termino                        shift and go to state 78
    factor                         shift and go to state 79
    factor_sr                      shift and go to state 81
    factor_rs                      shift and go to state 83

state 72

    (31) condicion -> SI PAR_ABRE . expresion condicion_marca PAR_CIERRA cuerpo condicion_cuerpo PUNTO_Y_COMA
    (20) expresion -> . exp expresion_exp
    (71) exp -> . termino exp_termino
    (75) termino -> . factor termino_factor
    (46) factor -> . PAR_ABRE expresion PAR_CIERRA
    (47) factor -> . factor_sr factor_cte
    (48) factor_sr -> . empty
    (49) factor_sr -> . factor_rs
    (88) empty -> .
    (50) factor_rs -> . OP_SUMA
    (51) factor_rs -> . OP_RESTA

    PAR_ABRE        shift and go to state 80
    ID              reduce using rule 88 (empty -> .)
    CTE_ENT         reduce using rule 88 (empty -> .)
    CTE_FLOT        reduce using rule 88 (empty -> .)
    OP_SUMA         shift and go to state 84
    OP_RESTA        shift and go to state 85

    expresion                      shift and go to state 97
    exp                            shift and go to state 77
    termino                        shift and go to state 78
    factor                         shift and go to state 79
    factor_sr                      shift and go to state 81
    empty                          shift and go to state 82
    factor_rs                      shift and go to state 83

state 73

    (28) ciclo -> MIENTRAS ciclo_marca . PAR_ABRE expresion ciclo_cond_prep PAR_CIERRA HAZ cuerpo PUNTO_Y_COMA

    PAR_ABRE        shift and go to state 98


state 74

    (36) imprime -> ESCRIBE PAR_ABRE . imprime_exp PAR_CIERRA PUNTO_Y_COMA
    (37) imprime_exp -> . expresion imprime_exp_p
    (38) imprime_exp -> . LETRERO imprime_exp_p
    (20) expresion -> . exp expresion_exp
    (71) exp -> . termino exp_termino
    (75) termino -> . factor termino_factor
    (46) factor -> . PAR_ABRE expresion PAR_CIERRA
    (47) factor -> . factor_sr factor_cte
    (48) factor_sr -> . empty
    (49) factor_sr -> . factor_rs
    (88) empty -> .
    (50) factor_rs -> . OP_SUMA
    (51) factor_rs -> . OP_RESTA

    LETRERO         shift and go to state 101
    PAR_ABRE        shift and go to state 80
    ID              reduce using rule 88 (empty -> .)
    CTE_ENT         reduce using rule 88 (empty -> .)
    CTE_FLOT        reduce using rule 88 (empty -> .)
    OP_SUMA         shift and go to state 84
    OP_RESTA        shift and go to state 85

    imprime_exp                    shift and go to state 99
    expresion                      shift and go to state 100
    exp                            shift and go to state 77
    termino                        shift and go to state 78
    factor                         shift and go to state 79
    factor_sr                      shift and go to state 81
    empty                          shift and go to state 82
    factor_rs                      shift and go to state 83

state 75

    (5) retorno -> RETURN expresion . PUNTO_Y_COMA

    PUNTO_Y_COMA    shift and go to state 102


state 76

    (6) retorno -> RETURN PUNTO_Y_COMA .

    CORA_ABRE       reduce using rule 6 (retorno -> RETURN PUNTO_Y_COMA .)
    ID              reduce using rule 6 (retorno -> RETURN PUNTO_Y_COMA .)
    SI              reduce using rule 6 (retorno -> RETURN PUNTO_Y_COMA .)
    MIENTRAS        reduce using rule 6 (retorno -> RETURN PUNTO_Y_COMA .)
    ESCRIBE         reduce using rule 6 (retorno -> RETURN PUNTO_Y_COMA .)
    RETURN          reduce using rule 6 (retorno -> RETURN PUNTO_Y_COMA .)
    LLAVE_CIERRA    reduce using rule 6 (retorno -> RETURN PUNTO_Y_COMA .)
    CORA_CIERRA     reduce using rule 6 (retorno -> RETURN PUNTO_Y_COMA .)


state 77

    (20) expresion -> exp . expresion_exp
    (21) expresion_exp -> . empty
    (22) expresion_exp -> . OP_MAYOR exp
    (23) expresion_exp -> . OP_MENOR exp
    (24) expresion_exp -> . OP_MAYORIGUAL exp
    (25) expresion_exp -> . OP_MENORIGUAL exp
    (26) expresion_exp -> . OP_DIF exp
    (27) expresion_exp -> . OP_IGUAL exp
    (88) empty -> .

    OP_MAYOR        shift and go to state 105
    OP_MENOR        shift and go to state 106
    OP_MAYORIGUAL   shift and go to state 107
    OP_MENORIGUAL   shift and go to state 108
    OP_DIF          shift and go to state 109
    OP_IGUAL        shift and go to state 110
    PUNTO_Y_COMA    reduce using rule 88 (empty -> .)
    COMA            reduce using rule 88 (empty -> .)
    PAR_CIERRA      reduce using rule 88 (empty -> .)

    expresion_exp                  shift and go to state 103
    empty                          shift and go to state 104

state 78

    (71) exp -> termino . exp_termino
    (72) exp_termino -> . empty
    (73) exp_termino -> . OP_SUMA exp
    (74) exp_termino -> . OP_RESTA exp
    (88) empty -> .

    OP_SUMA         shift and go to state 113
    OP_RESTA        shift and go to state 114
    OP_MAYOR        reduce using rule 88 (empty -> .)
    OP_MENOR        reduce using rule 88 (empty -> .)
    OP_MAYORIGUAL   reduce using rule 88 (empty -> .)
    OP_MENORIGUAL   reduce using rule 88 (empty -> .)
    OP_DIF          reduce using rule 88 (empty -> .)
    OP_IGUAL        reduce using rule 88 (empty -> .)
    PUNTO_Y_COMA    reduce using rule 88 (empty -> .)
    COMA            reduce using rule 88 (empty -> .)
    PAR_CIERRA      reduce using rule 88 (empty -> .)

    exp_termino                    shift and go to state 111
    empty                          shift and go to state 112

state 79

    (75) termino -> factor . termino_factor
    (76) termino_factor -> . empty
    (77) termino_factor -> . OP_MULT termino
    (78) termino_factor -> . OP_DIV termino
    (88) empty -> .

    OP_MULT         shift and go to state 117
    OP_DIV          shift and go to state 118
    OP_SUMA         reduce using rule 88 (empty -> .)
    OP_RESTA        reduce using rule 88 (empty -> .)
    OP_MAYOR        reduce using rule 88 (empty -> .)
    OP_MENOR        reduce using rule 88 (empty -> .)
    OP_MAYORIGUAL   reduce using rule 88 (empty -> .)
    OP_MENORIGUAL   reduce using rule 88 (empty -> .)
    OP_DIF          reduce using rule 88 (empty -> .)
    OP_IGUAL        reduce using rule 88 (empty -> .)
    PUNTO_Y_COMA    reduce using rule 88 (empty -> .)
    COMA            reduce using rule 88 (empty -> .)
    PAR_CIERRA      reduce using rule 88 (empty -> .)

    termino_factor                 shift and go to state 115
    empty                          shift and go to state 116

state 80

    (46) factor -> PAR_ABRE . expresion PAR_CIERRA
    (20) expresion -> . exp expresion_exp
    (71) exp -> . termino exp_termino
    (75) termino -> . factor termino_factor
    (46) factor -> . PAR_ABRE expresion PAR_CIERRA
    (47) factor -> . factor_sr factor_cte
    (48) factor_sr -> . empty
    (49) factor_sr -> . factor_rs
    (88) empty -> .
    (50) factor_rs -> . OP_SUMA
    (51) factor_rs -> . OP_RESTA

    PAR_ABRE        shift and go to state 80
    ID              reduce using rule 88 (empty -> .)
    CTE_ENT         reduce using rule 88 (empty -> .)
    CTE_FLOT        reduce using rule 88 (empty -> .)
    OP_SUMA         shift and go to state 84
    OP_RESTA        shift and go to state 85

    expresion                      shift and go to state 119
    exp                            shift and go to state 77
    termino                        shift and go to state 78
    factor                         shift and go to state 79
    factor_sr                      shift and go to state 81
    empty                          shift and go to state 82
    factor_rs                      shift and go to state 83

state 81

    (47) factor -> factor_sr . factor_cte
    (52) factor_cte -> . ID
    (53) factor_cte -> . cte
    (54) factor_cte -> . llamada
    (3) cte -> . CTE_ENT
    (4) cte -> . CTE_FLOT
    (41) llamada -> . ID PAR_ABRE llamada_expresion PAR_CIERRA

    ID              shift and go to state 121
    CTE_ENT         shift and go to state 124
    CTE_FLOT        shift and go to state 125

    factor_cte                     shift and go to state 120
    cte                            shift and go to state 122
    llamada                        shift and go to state 123

state 82

    (48) factor_sr -> empty .

    ID              reduce using rule 48 (factor_sr -> empty .)
    CTE_ENT         reduce using rule 48 (factor_sr -> empty .)
    CTE_FLOT        reduce using rule 48 (factor_sr -> empty .)


state 83

    (49) factor_sr -> factor_rs .

    ID              reduce using rule 49 (factor_sr -> factor_rs .)
    CTE_ENT         reduce using rule 49 (factor_sr -> factor_rs .)
    CTE_FLOT        reduce using rule 49 (factor_sr -> factor_rs .)


state 84

    (50) factor_rs -> OP_SUMA .

    ID              reduce using rule 50 (factor_rs -> OP_SUMA .)
    CTE_ENT         reduce using rule 50 (factor_rs -> OP_SUMA .)
    CTE_FLOT        reduce using rule 50 (factor_rs -> OP_SUMA .)


state 85

    (51) factor_rs -> OP_RESTA .

    ID              reduce using rule 51 (factor_rs -> OP_RESTA .)
    CTE_ENT         reduce using rule 51 (factor_rs -> OP_RESTA .)
    CTE_FLOT        reduce using rule 51 (factor_rs -> OP_RESTA .)


state 86

    (62) funcs -> func_header LLAVE_ABRE func_vars cuerpo LLAVE_CIERRA PUNTO_Y_COMA .

    NULA            reduce using rule 62 (funcs -> func_header LLAVE_ABRE func_vars cuerpo LLAVE_CIERRA PUNTO_Y_COMA .)
    ENTERO          reduce using rule 62 (funcs -> func_header LLAVE_ABRE func_vars cuerpo LLAVE_CIERRA PUNTO_Y_COMA .)
    FLOTANTE        reduce using rule 62 (funcs -> func_header LLAVE_ABRE func_vars cuerpo LLAVE_CIERRA PUNTO_Y_COMA .)
    INICIO          reduce using rule 62 (funcs -> func_header LLAVE_ABRE func_vars cuerpo LLAVE_CIERRA PUNTO_Y_COMA .)


state 87

    (66) func_tipo -> ID DOS_PUNTOS tipo . funcs_coma
    (67) funcs_coma -> . empty
    (68) funcs_coma -> . COMA ID DOS_PUNTOS tipo funcs_coma
    (88) empty -> .

    COMA            shift and go to state 128
    PAR_CIERRA      reduce using rule 88 (empty -> .)

    funcs_coma                     shift and go to state 126
    empty                          shift and go to state 127

state 88

    (56) vars_todo -> vars_coma DOS_PUNTOS tipo PUNTO_Y_COMA vars_final .

    NULA            reduce using rule 56 (vars_todo -> vars_coma DOS_PUNTOS tipo PUNTO_Y_COMA vars_final .)
    ENTERO          reduce using rule 56 (vars_todo -> vars_coma DOS_PUNTOS tipo PUNTO_Y_COMA vars_final .)
    FLOTANTE        reduce using rule 56 (vars_todo -> vars_coma DOS_PUNTOS tipo PUNTO_Y_COMA vars_final .)
    INICIO          reduce using rule 56 (vars_todo -> vars_coma DOS_PUNTOS tipo PUNTO_Y_COMA vars_final .)
    LLAVE_ABRE      reduce using rule 56 (vars_todo -> vars_coma DOS_PUNTOS tipo PUNTO_Y_COMA vars_final .)


state 89

    (59) vars_final -> empty .
    (57) vars_coma -> empty .

    NULA            reduce using rule 59 (vars_final -> empty .)
    ENTERO          reduce using rule 59 (vars_final -> empty .)
    FLOTANTE        reduce using rule 59 (vars_final -> empty .)
    INICIO          reduce using rule 59 (vars_final -> empty .)
    LLAVE_ABRE      reduce using rule 59 (vars_final -> empty .)
    DOS_PUNTOS      reduce using rule 57 (vars_coma -> empty .)


state 90

    (60) vars_final -> vars_todo .

    NULA            reduce using rule 60 (vars_final -> vars_todo .)
    ENTERO          reduce using rule 60 (vars_final -> vars_todo .)
    FLOTANTE        reduce using rule 60 (vars_final -> vars_todo .)
    INICIO          reduce using rule 60 (vars_final -> vars_todo .)
    LLAVE_ABRE      reduce using rule 60 (vars_final -> vars_todo .)


state 91

    (14) estatuto -> CORA_ABRE list_estatuto CORA_CIERRA .

    CORA_ABRE       reduce using rule 14 (estatuto -> CORA_ABRE list_estatuto CORA_CIERRA .)
    ID              reduce using rule 14 (estatuto -> CORA_ABRE list_estatuto CORA_CIERRA .)
    SI              reduce using rule 14 (estatuto -> CORA_ABRE list_estatuto CORA_CIERRA .)
    MIENTRAS        reduce using rule 14 (estatuto -> CORA_ABRE list_estatuto CORA_CIERRA .)
    ESCRIBE         reduce using rule 14 (estatuto -> CORA_ABRE list_estatuto CORA_CIERRA .)
    RETURN          reduce using rule 14 (estatuto -> CORA_ABRE list_estatuto CORA_CIERRA .)
    LLAVE_CIERRA    reduce using rule 14 (estatuto -> CORA_ABRE list_estatuto CORA_CIERRA .)
    CORA_CIERRA     reduce using rule 14 (estatuto -> CORA_ABRE list_estatuto CORA_CIERRA .)


state 92

    (16) list_estatuto -> estatuto list_estatuto .

    CORA_CIERRA     reduce using rule 16 (list_estatuto -> estatuto list_estatuto .)


state 93

    (7) asigna -> ID OP_ASIG expresion . PUNTO_Y_COMA

    PUNTO_Y_COMA    shift and go to state 129


state 94

    (41) llamada -> ID PAR_ABRE llamada_expresion . PAR_CIERRA

    PAR_CIERRA      shift and go to state 130


state 95

    (42) llamada_expresion -> empty .
    (48) factor_sr -> empty .

    PAR_CIERRA      reduce using rule 42 (llamada_expresion -> empty .)
    ID              reduce using rule 48 (factor_sr -> empty .)
    CTE_ENT         reduce using rule 48 (factor_sr -> empty .)
    CTE_FLOT        reduce using rule 48 (factor_sr -> empty .)


state 96

    (43) llamada_expresion -> expresion . llamada_ex
    (44) llamada_ex -> . empty
    (45) llamada_ex -> . COMA expresion llamada_ex
    (88) empty -> .

    COMA            shift and go to state 133
    PAR_CIERRA      reduce using rule 88 (empty -> .)

    llamada_ex                     shift and go to state 131
    empty                          shift and go to state 132

state 97

    (31) condicion -> SI PAR_ABRE expresion . condicion_marca PAR_CIERRA cuerpo condicion_cuerpo PUNTO_Y_COMA
    (32) condicion_marca -> .

    PAR_CIERRA      reduce using rule 32 (condicion_marca -> .)

    condicion_marca                shift and go to state 134

state 98

    (28) ciclo -> MIENTRAS ciclo_marca PAR_ABRE . expresion ciclo_cond_prep PAR_CIERRA HAZ cuerpo PUNTO_Y_COMA
    (20) expresion -> . exp expresion_exp
    (71) exp -> . termino exp_termino
    (75) termino -> . factor termino_factor
    (46) factor -> . PAR_ABRE expresion PAR_CIERRA
    (47) factor -> . factor_sr factor_cte
    (48) factor_sr -> . empty
    (49) factor_sr -> . factor_rs
    (88) empty -> .
    (50) factor_rs -> . OP_SUMA
    (51) factor_rs -> . OP_RESTA

    PAR_ABRE        shift and go to state 80
    ID              reduce using rule 88 (empty -> .)
    CTE_ENT         reduce using rule 88 (empty -> .)
    CTE_FLOT        reduce using rule 88 (empty -> .)
    OP_SUMA         shift and go to state 84
    OP_RESTA        shift and go to state 85

    expresion                      shift and go to state 135
    exp                            shift and go to state 77
    termino                        shift and go to state 78
    factor                         shift and go to state 79
    factor_sr                      shift and go to state 81
    empty                          shift and go to state 82
    factor_rs                      shift and go to state 83

state 99

    (36) imprime -> ESCRIBE PAR_ABRE imprime_exp . PAR_CIERRA PUNTO_Y_COMA

    PAR_CIERRA      shift and go to state 136


state 100

    (37) imprime_exp -> expresion . imprime_exp_p
    (39) imprime_exp_p -> . empty
    (40) imprime_exp_p -> . COMA imprime_exp
    (88) empty -> .

    COMA            shift and go to state 139
    PAR_CIERRA      reduce using rule 88 (empty -> .)

    imprime_exp_p                  shift and go to state 137
    empty                          shift and go to state 138

state 101

    (38) imprime_exp -> LETRERO . imprime_exp_p
    (39) imprime_exp_p -> . empty
    (40) imprime_exp_p -> . COMA imprime_exp
    (88) empty -> .

    COMA            shift and go to state 139
    PAR_CIERRA      reduce using rule 88 (empty -> .)

    imprime_exp_p                  shift and go to state 140
    empty                          shift and go to state 138

state 102

    (5) retorno -> RETURN expresion PUNTO_Y_COMA .

    CORA_ABRE       reduce using rule 5 (retorno -> RETURN expresion PUNTO_Y_COMA .)
    ID              reduce using rule 5 (retorno -> RETURN expresion PUNTO_Y_COMA .)
    SI              reduce using rule 5 (retorno -> RETURN expresion PUNTO_Y_COMA .)
    MIENTRAS        reduce using rule 5 (retorno -> RETURN expresion PUNTO_Y_COMA .)
    ESCRIBE         reduce using rule 5 (retorno -> RETURN expresion PUNTO_Y_COMA .)
    RETURN          reduce using rule 5 (retorno -> RETURN expresion PUNTO_Y_COMA .)
    LLAVE_CIERRA    reduce using rule 5 (retorno -> RETURN expresion PUNTO_Y_COMA .)
    CORA_CIERRA     reduce using rule 5 (retorno -> RETURN expresion PUNTO_Y_COMA .)


state 103

    (20) expresion -> exp expresion_exp .

    PUNTO_Y_COMA    reduce using rule 20 (expresion -> exp expresion_exp .)
    COMA            reduce using rule 20 (expresion -> exp expresion_exp .)
    PAR_CIERRA      reduce using rule 20 (expresion -> exp expresion_exp .)


state 104

    (21) expresion_exp -> empty .

    PUNTO_Y_COMA    reduce using rule 21 (expresion_exp -> empty .)
    COMA            reduce using rule 21 (expresion_exp -> empty .)
    PAR_CIERRA      reduce using rule 21 (expresion_exp -> empty .)


state 105

    (22) expresion_exp -> OP_MAYOR . exp
    (71) exp -> . termino exp_termino
    (75) termino -> . factor termino_factor
    (46) factor -> . PAR_ABRE expresion PAR_CIERRA
    (47) factor -> . factor_sr factor_cte
    (48) factor_sr -> . empty
    (49) factor_sr -> . factor_rs
    (88) empty -> .
    (50) factor_rs -> . OP_SUMA
    (51) factor_rs -> . OP_RESTA

    PAR_ABRE        shift and go to state 80
    ID              reduce using rule 88 (empty -> .)
    CTE_ENT         reduce using rule 88 (empty -> .)
    CTE_FLOT        reduce using rule 88 (empty -> .)
    OP_SUMA         shift and go to state 84
    OP_RESTA        shift and go to state 85

    exp                            shift and go to state 141
    termino                        shift and go to state 78
    factor                         shift and go to state 79
    factor_sr                      shift and go to state 81
    empty                          shift and go to state 82
    factor_rs                      shift and go to state 83

state 106

    (23) expresion_exp -> OP_MENOR . exp
    (71) exp -> . termino exp_termino
    (75) termino -> . factor termino_factor
    (46) factor -> . PAR_ABRE expresion PAR_CIERRA
    (47) factor -> . factor_sr factor_cte
    (48) factor_sr -> . empty
    (49) factor_sr -> . factor_rs
    (88) empty -> .
    (50) factor_rs -> . OP_SUMA
    (51) factor_rs -> . OP_RESTA

    PAR_ABRE        shift and go to state 80
    ID              reduce using rule 88 (empty -> .)
    CTE_ENT         reduce using rule 88 (empty -> .)
    CTE_FLOT        reduce using rule 88 (empty -> .)
    OP_SUMA         shift and go to state 84
    OP_RESTA        shift and go to state 85

    exp                            shift and go to state 142
    termino                        shift and go to state 78
    factor                         shift and go to state 79
    factor_sr                      shift and go to state 81
    empty                          shift and go to state 82
    factor_rs                      shift and go to state 83

state 107

    (24) expresion_exp -> OP_MAYORIGUAL . exp
    (71) exp -> . termino exp_termino
    (75) termino -> . factor termino_factor
    (46) factor -> . PAR_ABRE expresion PAR_CIERRA
    (47) factor -> . factor_sr factor_cte
    (48) factor_sr -> . empty
    (49) factor_sr -> . factor_rs
    (88) empty -> .
    (50) factor_rs -> . OP_SUMA
    (51) factor_rs -> . OP_RESTA

    PAR_ABRE        shift and go to state 80
    ID              reduce using rule 88 (empty -> .)
    CTE_ENT         reduce using rule 88 (empty -> .)
    CTE_FLOT        reduce using rule 88 (empty -> .)
    OP_SUMA         shift and go to state 84
    OP_RESTA        shift and go to state 85

    exp                            shift and go to state 143
    termino                        shift and go to state 78
    factor                         shift and go to state 79
    factor_sr                      shift and go to state 81
    empty                          shift and go to state 82
    factor_rs                      shift and go to state 83

state 108

    (25) expresion_exp -> OP_MENORIGUAL . exp
    (71) exp -> . termino exp_termino
    (75) termino -> . factor termino_factor
    (46) factor -> . PAR_ABRE expresion PAR_CIERRA
    (47) factor -> . factor_sr factor_cte
    (48) factor_sr -> . empty
    (49) factor_sr -> . factor_rs
    (88) empty -> .
    (50) factor_rs -> . OP_SUMA
    (51) factor_rs -> . OP_RESTA

    PAR_ABRE        shift and go to state 80
    ID              reduce using rule 88 (empty -> .)
    CTE_ENT         reduce using rule 88 (empty -> .)
    CTE_FLOT        reduce using rule 88 (empty -> .)
    OP_SUMA         shift and go to state 84
    OP_RESTA        shift and go to state 85

    exp                            shift and go to state 144
    termino                        shift and go to state 78
    factor                         shift and go to state 79
    factor_sr                      shift and go to state 81
    empty                          shift and go to state 82
    factor_rs                      shift and go to state 83

state 109

    (26) expresion_exp -> OP_DIF . exp
    (71) exp -> . termino exp_termino
    (75) termino -> . factor termino_factor
    (46) factor -> . PAR_ABRE expresion PAR_CIERRA
    (47) factor -> . factor_sr factor_cte
    (48) factor_sr -> . empty
    (49) factor_sr -> . factor_rs
    (88) empty -> .
    (50) factor_rs -> . OP_SUMA
    (51) factor_rs -> . OP_RESTA

    PAR_ABRE        shift and go to state 80
    ID              reduce using rule 88 (empty -> .)
    CTE_ENT         reduce using rule 88 (empty -> .)
    CTE_FLOT        reduce using rule 88 (empty -> .)
    OP_SUMA         shift and go to state 84
    OP_RESTA        shift and go to state 85

    exp                            shift and go to state 145
    termino                        shift and go to state 78
    factor                         shift and go to state 79
    factor_sr                      shift and go to state 81
    empty                          shift and go to state 82
    factor_rs                      shift and go to state 83

state 110

    (27) expresion_exp -> OP_IGUAL . exp
    (71) exp -> . termino exp_termino
    (75) termino -> . factor termino_factor
    (46) factor -> . PAR_ABRE expresion PAR_CIERRA
    (47) factor -> . factor_sr factor_cte
    (48) factor_sr -> . empty
    (49) factor_sr -> . factor_rs
    (88) empty -> .
    (50) factor_rs -> . OP_SUMA
    (51) factor_rs -> . OP_RESTA

    PAR_ABRE        shift and go to state 80
    ID              reduce using rule 88 (empty -> .)
    CTE_ENT         reduce using rule 88 (empty -> .)
    CTE_FLOT        reduce using rule 88 (empty -> .)
    OP_SUMA         shift and go to state 84
    OP_RESTA        shift and go to state 85

    exp                            shift and go to state 146
    termino                        shift and go to state 78
    factor                         shift and go to state 79
    factor_sr                      shift and go to state 81
    empty                          shift and go to state 82
    factor_rs                      shift and go to state 83

state 111

    (71) exp -> termino exp_termino .

    OP_MAYOR        reduce using rule 71 (exp -> termino exp_termino .)
    OP_MENOR        reduce using rule 71 (exp -> termino exp_termino .)
    OP_MAYORIGUAL   reduce using rule 71 (exp -> termino exp_termino .)
    OP_MENORIGUAL   reduce using rule 71 (exp -> termino exp_termino .)
    OP_DIF          reduce using rule 71 (exp -> termino exp_termino .)
    OP_IGUAL        reduce using rule 71 (exp -> termino exp_termino .)
    PUNTO_Y_COMA    reduce using rule 71 (exp -> termino exp_termino .)
    COMA            reduce using rule 71 (exp -> termino exp_termino .)
    PAR_CIERRA      reduce using rule 71 (exp -> termino exp_termino .)


state 112

    (72) exp_termino -> empty .

    OP_MAYOR        reduce using rule 72 (exp_termino -> empty .)
    OP_MENOR        reduce using rule 72 (exp_termino -> empty .)
    OP_MAYORIGUAL   reduce using rule 72 (exp_termino -> empty .)
    OP_MENORIGUAL   reduce using rule 72 (exp_termino -> empty .)
    OP_DIF          reduce using rule 72 (exp_termino -> empty .)
    OP_IGUAL        reduce using rule 72 (exp_termino -> empty .)
    PUNTO_Y_COMA    reduce using rule 72 (exp_termino -> empty .)
    COMA            reduce using rule 72 (exp_termino -> empty .)
    PAR_CIERRA      reduce using rule 72 (exp_termino -> empty .)


state 113

    (73) exp_termino -> OP_SUMA . exp
    (71) exp -> . termino exp_termino
    (75) termino -> . factor termino_factor
    (46) factor -> . PAR_ABRE expresion PAR_CIERRA
    (47) factor -> . factor_sr factor_cte
    (48) factor_sr -> . empty
    (49) factor_sr -> . factor_rs
    (88) empty -> .
    (50) factor_rs -> . OP_SUMA
    (51) factor_rs -> . OP_RESTA

    PAR_ABRE        shift and go to state 80
    ID              reduce using rule 88 (empty -> .)
    CTE_ENT         reduce using rule 88 (empty -> .)
    CTE_FLOT        reduce using rule 88 (empty -> .)
    OP_SUMA         shift and go to state 84
    OP_RESTA        shift and go to state 85

    exp                            shift and go to state 147
    termino                        shift and go to state 78
    factor                         shift and go to state 79
    factor_sr                      shift and go to state 81
    empty                          shift and go to state 82
    factor_rs                      shift and go to state 83

state 114

    (74) exp_termino -> OP_RESTA . exp
    (71) exp -> . termino exp_termino
    (75) termino -> . factor termino_factor
    (46) factor -> . PAR_ABRE expresion PAR_CIERRA
    (47) factor -> . factor_sr factor_cte
    (48) factor_sr -> . empty
    (49) factor_sr -> . factor_rs
    (88) empty -> .
    (50) factor_rs -> . OP_SUMA
    (51) factor_rs -> . OP_RESTA

    PAR_ABRE        shift and go to state 80
    ID              reduce using rule 88 (empty -> .)
    CTE_ENT         reduce using rule 88 (empty -> .)
    CTE_FLOT        reduce using rule 88 (empty -> .)
    OP_SUMA         shift and go to state 84
    OP_RESTA        shift and go to state 85

    exp                            shift and go to state 148
    termino                        shift and go to state 78
    factor                         shift and go to state 79
    factor_sr                      shift and go to state 81
    empty                          shift and go to state 82
    factor_rs                      shift and go to state 83

state 115

    (75) termino -> factor termino_factor .

    OP_SUMA         reduce using rule 75 (termino -> factor termino_factor .)
    OP_RESTA        reduce using rule 75 (termino -> factor termino_factor .)
    OP_MAYOR        reduce using rule 75 (termino -> factor termino_factor .)
    OP_MENOR        reduce using rule 75 (termino -> factor termino_factor .)
    OP_MAYORIGUAL   reduce using rule 75 (termino -> factor termino_factor .)
    OP_MENORIGUAL   reduce using rule 75 (termino -> factor termino_factor .)
    OP_DIF          reduce using rule 75 (termino -> factor termino_factor .)
    OP_IGUAL        reduce using rule 75 (termino -> factor termino_factor .)
    PUNTO_Y_COMA    reduce using rule 75 (termino -> factor termino_factor .)
    COMA            reduce using rule 75 (termino -> factor termino_factor .)
    PAR_CIERRA      reduce using rule 75 (termino -> factor termino_factor .)


state 116

    (76) termino_factor -> empty .

    OP_SUMA         reduce using rule 76 (termino_factor -> empty .)
    OP_RESTA        reduce using rule 76 (termino_factor -> empty .)
    OP_MAYOR        reduce using rule 76 (termino_factor -> empty .)
    OP_MENOR        reduce using rule 76 (termino_factor -> empty .)
    OP_MAYORIGUAL   reduce using rule 76 (termino_factor -> empty .)
    OP_MENORIGUAL   reduce using rule 76 (termino_factor -> empty .)
    OP_DIF          reduce using rule 76 (termino_factor -> empty .)
    OP_IGUAL        reduce using rule 76 (termino_factor -> empty .)
    PUNTO_Y_COMA    reduce using rule 76 (termino_factor -> empty .)
    COMA            reduce using rule 76 (termino_factor -> empty .)
    PAR_CIERRA      reduce using rule 76 (termino_factor -> empty .)


state 117

    (77) termino_factor -> OP_MULT . termino
    (75) termino -> . factor termino_factor
    (46) factor -> . PAR_ABRE expresion PAR_CIERRA
    (47) factor -> . factor_sr factor_cte
    (48) factor_sr -> . empty
    (49) factor_sr -> . factor_rs
    (88) empty -> .
    (50) factor_rs -> . OP_SUMA
    (51) factor_rs -> . OP_RESTA

    PAR_ABRE        shift and go to state 80
    ID              reduce using rule 88 (empty -> .)
    CTE_ENT         reduce using rule 88 (empty -> .)
    CTE_FLOT        reduce using rule 88 (empty -> .)
    OP_SUMA         shift and go to state 84
    OP_RESTA        shift and go to state 85

    termino                        shift and go to state 149
    factor                         shift and go to state 79
    factor_sr                      shift and go to state 81
    empty                          shift and go to state 82
    factor_rs                      shift and go to state 83

state 118

    (78) termino_factor -> OP_DIV . termino
    (75) termino -> . factor termino_factor
    (46) factor -> . PAR_ABRE expresion PAR_CIERRA
    (47) factor -> . factor_sr factor_cte
    (48) factor_sr -> . empty
    (49) factor_sr -> . factor_rs
    (88) empty -> .
    (50) factor_rs -> . OP_SUMA
    (51) factor_rs -> . OP_RESTA

    PAR_ABRE        shift and go to state 80
    ID              reduce using rule 88 (empty -> .)
    CTE_ENT         reduce using rule 88 (empty -> .)
    CTE_FLOT        reduce using rule 88 (empty -> .)
    OP_SUMA         shift and go to state 84
    OP_RESTA        shift and go to state 85

    termino                        shift and go to state 150
    factor                         shift and go to state 79
    factor_sr                      shift and go to state 81
    empty                          shift and go to state 82
    factor_rs                      shift and go to state 83

state 119

    (46) factor -> PAR_ABRE expresion . PAR_CIERRA

    PAR_CIERRA      shift and go to state 151


state 120

    (47) factor -> factor_sr factor_cte .

    OP_MULT         reduce using rule 47 (factor -> factor_sr factor_cte .)
    OP_DIV          reduce using rule 47 (factor -> factor_sr factor_cte .)
    OP_SUMA         reduce using rule 47 (factor -> factor_sr factor_cte .)
    OP_RESTA        reduce using rule 47 (factor -> factor_sr factor_cte .)
    OP_MAYOR        reduce using rule 47 (factor -> factor_sr factor_cte .)
    OP_MENOR        reduce using rule 47 (factor -> factor_sr factor_cte .)
    OP_MAYORIGUAL   reduce using rule 47 (factor -> factor_sr factor_cte .)
    OP_MENORIGUAL   reduce using rule 47 (factor -> factor_sr factor_cte .)
    OP_DIF          reduce using rule 47 (factor -> factor_sr factor_cte .)
    OP_IGUAL        reduce using rule 47 (factor -> factor_sr factor_cte .)
    PUNTO_Y_COMA    reduce using rule 47 (factor -> factor_sr factor_cte .)
    COMA            reduce using rule 47 (factor -> factor_sr factor_cte .)
    PAR_CIERRA      reduce using rule 47 (factor -> factor_sr factor_cte .)


state 121

    (52) factor_cte -> ID .
    (41) llamada -> ID . PAR_ABRE llamada_expresion PAR_CIERRA

    OP_MULT         reduce using rule 52 (factor_cte -> ID .)
    OP_DIV          reduce using rule 52 (factor_cte -> ID .)
    OP_SUMA         reduce using rule 52 (factor_cte -> ID .)
    OP_RESTA        reduce using rule 52 (factor_cte -> ID .)
    OP_MAYOR        reduce using rule 52 (factor_cte -> ID .)
    OP_MENOR        reduce using rule 52 (factor_cte -> ID .)
    OP_MAYORIGUAL   reduce using rule 52 (factor_cte -> ID .)
    OP_MENORIGUAL   reduce using rule 52 (factor_cte -> ID .)
    OP_DIF          reduce using rule 52 (factor_cte -> ID .)
    OP_IGUAL        reduce using rule 52 (factor_cte -> ID .)
    PUNTO_Y_COMA    reduce using rule 52 (factor_cte -> ID .)
    COMA            reduce using rule 52 (factor_cte -> ID .)
    PAR_CIERRA      reduce using rule 52 (factor_cte -> ID .)
    PAR_ABRE        shift and go to state 71


state 122

    (53) factor_cte -> cte .

    OP_MULT         reduce using rule 53 (factor_cte -> cte .)
    OP_DIV          reduce using rule 53 (factor_cte -> cte .)
    OP_SUMA         reduce using rule 53 (factor_cte -> cte .)
    OP_RESTA        reduce using rule 53 (factor_cte -> cte .)
    OP_MAYOR        reduce using rule 53 (factor_cte -> cte .)
    OP_MENOR        reduce using rule 53 (factor_cte -> cte .)
    OP_MAYORIGUAL   reduce using rule 53 (factor_cte -> cte .)
    OP_MENORIGUAL   reduce using rule 53 (factor_cte -> cte .)
    OP_DIF          reduce using rule 53 (factor_cte -> cte .)
    OP_IGUAL        reduce using rule 53 (factor_cte -> cte .)
    PUNTO_Y_COMA    reduce using rule 53 (factor_cte -> cte .)
    COMA            reduce using rule 53 (factor_cte -> cte .)
    PAR_CIERRA      reduce using rule 53 (factor_cte -> cte .)


state 123

    (54) factor_cte -> llamada .

    OP_MULT         reduce using rule 54 (factor_cte -> llamada .)
    OP_DIV          reduce using rule 54 (factor_cte -> llamada .)
    OP_SUMA         reduce using rule 54 (factor_cte -> llamada .)
    OP_RESTA        reduce using rule 54 (factor_cte -> llamada .)
    OP_MAYOR        reduce using rule 54 (factor_cte -> llamada .)
    OP_MENOR        reduce using rule 54 (factor_cte -> llamada .)
    OP_MAYORIGUAL   reduce using rule 54 (factor_cte -> llamada .)
    OP_MENORIGUAL   reduce using rule 54 (factor_cte -> llamada .)
    OP_DIF          reduce using rule 54 (factor_cte -> llamada .)
    OP_IGUAL        reduce using rule 54 (factor_cte -> llamada .)
    PUNTO_Y_COMA    reduce using rule 54 (factor_cte -> llamada .)
    COMA            reduce using rule 54 (factor_cte -> llamada .)
    PAR_CIERRA      reduce using rule 54 (factor_cte -> llamada .)


state 124

    (3) cte -> CTE_ENT .

    OP_MULT         reduce using rule 3 (cte -> CTE_ENT .)
    OP_DIV          reduce using rule 3 (cte -> CTE_ENT .)
    OP_SUMA         reduce using rule 3 (cte -> CTE_ENT .)
    OP_RESTA        reduce using rule 3 (cte -> CTE_ENT .)
    OP_MAYOR        reduce using rule 3 (cte -> CTE_ENT .)
    OP_MENOR        reduce using rule 3 (cte -> CTE_ENT .)
    OP_MAYORIGUAL   reduce using rule 3 (cte -> CTE_ENT .)
    OP_MENORIGUAL   reduce using rule 3 (cte -> CTE_ENT .)
    OP_DIF          reduce using rule 3 (cte -> CTE_ENT .)
    OP_IGUAL        reduce using rule 3 (cte -> CTE_ENT .)
    PUNTO_Y_COMA    reduce using rule 3 (cte -> CTE_ENT .)
    COMA            reduce using rule 3 (cte -> CTE_ENT .)
    PAR_CIERRA      reduce using rule 3 (cte -> CTE_ENT .)


state 125

    (4) cte -> CTE_FLOT .

    OP_MULT         reduce using rule 4 (cte -> CTE_FLOT .)
    OP_DIV          reduce using rule 4 (cte -> CTE_FLOT .)
    OP_SUMA         reduce using rule 4 (cte -> CTE_FLOT .)
    OP_RESTA        reduce using rule 4 (cte -> CTE_FLOT .)
    OP_MAYOR        reduce using rule 4 (cte -> CTE_FLOT .)
    OP_MENOR        reduce using rule 4 (cte -> CTE_FLOT .)
    OP_MAYORIGUAL   reduce using rule 4 (cte -> CTE_FLOT .)
    OP_MENORIGUAL   reduce using rule 4 (cte -> CTE_FLOT .)
    OP_DIF          reduce using rule 4 (cte -> CTE_FLOT .)
    OP_IGUAL        reduce using rule 4 (cte -> CTE_FLOT .)
    PUNTO_Y_COMA    reduce using rule 4 (cte -> CTE_FLOT .)
    COMA            reduce using rule 4 (cte -> CTE_FLOT .)
    PAR_CIERRA      reduce using rule 4 (cte -> CTE_FLOT .)


state 126

    (66) func_tipo -> ID DOS_PUNTOS tipo funcs_coma .

    PAR_CIERRA      reduce using rule 66 (func_tipo -> ID DOS_PUNTOS tipo funcs_coma .)


state 127

    (67) funcs_coma -> empty .

    PAR_CIERRA      reduce using rule 67 (funcs_coma -> empty .)


state 128

    (68) funcs_coma -> COMA . ID DOS_PUNTOS tipo funcs_coma

    ID              shift and go to state 152


state 129

    (7) asigna -> ID OP_ASIG expresion PUNTO_Y_COMA .

    CORA_ABRE       reduce using rule 7 (asigna -> ID OP_ASIG expresion PUNTO_Y_COMA .)
    ID              reduce using rule 7 (asigna -> ID OP_ASIG expresion PUNTO_Y_COMA .)
    SI              reduce using rule 7 (asigna -> ID OP_ASIG expresion PUNTO_Y_COMA .)
    MIENTRAS        reduce using rule 7 (asigna -> ID OP_ASIG expresion PUNTO_Y_COMA .)
    ESCRIBE         reduce using rule 7 (asigna -> ID OP_ASIG expresion PUNTO_Y_COMA .)
    RETURN          reduce using rule 7 (asigna -> ID OP_ASIG expresion PUNTO_Y_COMA .)
    LLAVE_CIERRA    reduce using rule 7 (asigna -> ID OP_ASIG expresion PUNTO_Y_COMA .)
    CORA_CIERRA     reduce using rule 7 (asigna -> ID OP_ASIG expresion PUNTO_Y_COMA .)


state 130

    (41) llamada -> ID PAR_ABRE llamada_expresion PAR_CIERRA .

    PUNTO_Y_COMA    reduce using rule 41 (llamada -> ID PAR_ABRE llamada_expresion PAR_CIERRA .)
    OP_MULT         reduce using rule 41 (llamada -> ID PAR_ABRE llamada_expresion PAR_CIERRA .)
    OP_DIV          reduce using rule 41 (llamada -> ID PAR_ABRE llamada_expresion PAR_CIERRA .)
    OP_SUMA         reduce using rule 41 (llamada -> ID PAR_ABRE llamada_expresion PAR_CIERRA .)
    OP_RESTA        reduce using rule 41 (llamada -> ID PAR_ABRE llamada_expresion PAR_CIERRA .)
    OP_MAYOR        reduce using rule 41 (llamada -> ID PAR_ABRE llamada_expresion PAR_CIERRA .)
    OP_MENOR        reduce using rule 41 (llamada -> ID PAR_ABRE llamada_expresion PAR_CIERRA .)
    OP_MAYORIGUAL   reduce using rule 41 (llamada -> ID PAR_ABRE llamada_expresion PAR_CIERRA .)
    OP_MENORIGUAL   reduce using rule 41 (llamada -> ID PAR_ABRE llamada_expresion PAR_CIERRA .)
    OP_DIF          reduce using rule 41 (llamada -> ID PAR_ABRE llamada_expresion PAR_CIERRA .)
    OP_IGUAL        reduce using rule 41 (llamada -> ID PAR_ABRE llamada_expresion PAR_CIERRA .)
    COMA            reduce using rule 41 (llamada -> ID PAR_ABRE llamada_expresion PAR_CIERRA .)
    PAR_CIERRA      reduce using rule 41 (llamada -> ID PAR_ABRE llamada_expresion PAR_CIERRA .)


state 131

    (43) llamada_expresion -> expresion llamada_ex .

    PAR_CIERRA      reduce using rule 43 (llamada_expresion -> expresion llamada_ex .)


state 132

    (44) llamada_ex -> empty .

    PAR_CIERRA      reduce using rule 44 (llamada_ex -> empty .)


state 133

    (45) llamada_ex -> COMA . expresion llamada_ex
    (20) expresion -> . exp expresion_exp
    (71) exp -> . termino exp_termino
    (75) termino -> . factor termino_factor
    (46) factor -> . PAR_ABRE expresion PAR_CIERRA
    (47) factor -> . factor_sr factor_cte
    (48) factor_sr -> . empty
    (49) factor_sr -> . factor_rs
    (88) empty -> .
    (50) factor_rs -> . OP_SUMA
    (51) factor_rs -> . OP_RESTA

    PAR_ABRE        shift and go to state 80
    ID              reduce using rule 88 (empty -> .)
    CTE_ENT         reduce using rule 88 (empty -> .)
    CTE_FLOT        reduce using rule 88 (empty -> .)
    OP_SUMA         shift and go to state 84
    OP_RESTA        shift and go to state 85

    expresion                      shift and go to state 153
    exp                            shift and go to state 77
    termino                        shift and go to state 78
    factor                         shift and go to state 79
    factor_sr                      shift and go to state 81
    empty                          shift and go to state 82
    factor_rs                      shift and go to state 83

state 134

    (31) condicion -> SI PAR_ABRE expresion condicion_marca . PAR_CIERRA cuerpo condicion_cuerpo PUNTO_Y_COMA

    PAR_CIERRA      shift and go to state 154


state 135

    (28) ciclo -> MIENTRAS ciclo_marca PAR_ABRE expresion . ciclo_cond_prep PAR_CIERRA HAZ cuerpo PUNTO_Y_COMA
    (29) ciclo_cond_prep -> .

    PAR_CIERRA      reduce using rule 29 (ciclo_cond_prep -> .)

    ciclo_cond_prep                shift and go to state 155

state 136

    (36) imprime -> ESCRIBE PAR_ABRE imprime_exp PAR_CIERRA . PUNTO_Y_COMA

    PUNTO_Y_COMA    shift and go to state 156


state 137

    (37) imprime_exp -> expresion imprime_exp_p .

    PAR_CIERRA      reduce using rule 37 (imprime_exp -> expresion imprime_exp_p .)


state 138

    (39) imprime_exp_p -> empty .

    PAR_CIERRA      reduce using rule 39 (imprime_exp_p -> empty .)


state 139

    (40) imprime_exp_p -> COMA . imprime_exp
    (37) imprime_exp -> . expresion imprime_exp_p
    (38) imprime_exp -> . LETRERO imprime_exp_p
    (20) expresion -> . exp expresion_exp
    (71) exp -> . termino exp_termino
    (75) termino -> . factor termino_factor
    (46) factor -> . PAR_ABRE expresion PAR_CIERRA
    (47) factor -> . factor_sr factor_cte
    (48) factor_sr -> . empty
    (49) factor_sr -> . factor_rs
    (88) empty -> .
    (50) factor_rs -> . OP_SUMA
    (51) factor_rs -> . OP_RESTA

    LETRERO         shift and go to state 101
    PAR_ABRE        shift and go to state 80
    ID              reduce using rule 88 (empty -> .)
    CTE_ENT         reduce using rule 88 (empty -> .)
    CTE_FLOT        reduce using rule 88 (empty -> .)
    OP_SUMA         shift and go to state 84
    OP_RESTA        shift and go to state 85

    imprime_exp                    shift and go to state 157
    expresion                      shift and go to state 100
    exp                            shift and go to state 77
    termino                        shift and go to state 78
    factor                         shift and go to state 79
    factor_sr                      shift and go to state 81
    empty                          shift and go to state 82
    factor_rs                      shift and go to state 83

state 140

    (38) imprime_exp -> LETRERO imprime_exp_p .

    PAR_CIERRA      reduce using rule 38 (imprime_exp -> LETRERO imprime_exp_p .)


state 141

    (22) expresion_exp -> OP_MAYOR exp .

    PUNTO_Y_COMA    reduce using rule 22 (expresion_exp -> OP_MAYOR exp .)
    COMA            reduce using rule 22 (expresion_exp -> OP_MAYOR exp .)
    PAR_CIERRA      reduce using rule 22 (expresion_exp -> OP_MAYOR exp .)


state 142

    (23) expresion_exp -> OP_MENOR exp .

    PUNTO_Y_COMA    reduce using rule 23 (expresion_exp -> OP_MENOR exp .)
    COMA            reduce using rule 23 (expresion_exp -> OP_MENOR exp .)
    PAR_CIERRA      reduce using rule 23 (expresion_exp -> OP_MENOR exp .)


state 143

    (24) expresion_exp -> OP_MAYORIGUAL exp .

    PUNTO_Y_COMA    reduce using rule 24 (expresion_exp -> OP_MAYORIGUAL exp .)
    COMA            reduce using rule 24 (expresion_exp -> OP_MAYORIGUAL exp .)
    PAR_CIERRA      reduce using rule 24 (expresion_exp -> OP_MAYORIGUAL exp .)


state 144

    (25) expresion_exp -> OP_MENORIGUAL exp .

    PUNTO_Y_COMA    reduce using rule 25 (expresion_exp -> OP_MENORIGUAL exp .)
    COMA            reduce using rule 25 (expresion_exp -> OP_MENORIGUAL exp .)
    PAR_CIERRA      reduce using rule 25 (expresion_exp -> OP_MENORIGUAL exp .)


state 145

    (26) expresion_exp -> OP_DIF exp .

    PUNTO_Y_COMA    reduce using rule 26 (expresion_exp -> OP_DIF exp .)
    COMA            reduce using rule 26 (expresion_exp -> OP_DIF exp .)
    PAR_CIERRA      reduce using rule 26 (expresion_exp -> OP_DIF exp .)


state 146

    (27) expresion_exp -> OP_IGUAL exp .

    PUNTO_Y_COMA    reduce using rule 27 (expresion_exp -> OP_IGUAL exp .)
    COMA            reduce using rule 27 (expresion_exp -> OP_IGUAL exp .)
    PAR_CIERRA      reduce using rule 27 (expresion_exp -> OP_IGUAL exp .)


state 147

    (73) exp_termino -> OP_SUMA exp .

    OP_MAYOR        reduce using rule 73 (exp_termino -> OP_SUMA exp .)
    OP_MENOR        reduce using rule 73 (exp_termino -> OP_SUMA exp .)
    OP_MAYORIGUAL   reduce using rule 73 (exp_termino -> OP_SUMA exp .)
    OP_MENORIGUAL   reduce using rule 73 (exp_termino -> OP_SUMA exp .)
    OP_DIF          reduce using rule 73 (exp_termino -> OP_SUMA exp .)
    OP_IGUAL        reduce using rule 73 (exp_termino -> OP_SUMA exp .)
    PUNTO_Y_COMA    reduce using rule 73 (exp_termino -> OP_SUMA exp .)
    COMA            reduce using rule 73 (exp_termino -> OP_SUMA exp .)
    PAR_CIERRA      reduce using rule 73 (exp_termino -> OP_SUMA exp .)


state 148

    (74) exp_termino -> OP_RESTA exp .

    OP_MAYOR        reduce using rule 74 (exp_termino -> OP_RESTA exp .)
    OP_MENOR        reduce using rule 74 (exp_termino -> OP_RESTA exp .)
    OP_MAYORIGUAL   reduce using rule 74 (exp_termino -> OP_RESTA exp .)
    OP_MENORIGUAL   reduce using rule 74 (exp_termino -> OP_RESTA exp .)
    OP_DIF          reduce using rule 74 (exp_termino -> OP_RESTA exp .)
    OP_IGUAL        reduce using rule 74 (exp_termino -> OP_RESTA exp .)
    PUNTO_Y_COMA    reduce using rule 74 (exp_termino -> OP_RESTA exp .)
    COMA            reduce using rule 74 (exp_termino -> OP_RESTA exp .)
    PAR_CIERRA      reduce using rule 74 (exp_termino -> OP_RESTA exp .)


state 149

    (77) termino_factor -> OP_MULT termino .

    OP_SUMA         reduce using rule 77 (termino_factor -> OP_MULT termino .)
    OP_RESTA        reduce using rule 77 (termino_factor -> OP_MULT termino .)
    OP_MAYOR        reduce using rule 77 (termino_factor -> OP_MULT termino .)
    OP_MENOR        reduce using rule 77 (termino_factor -> OP_MULT termino .)
    OP_MAYORIGUAL   reduce using rule 77 (termino_factor -> OP_MULT termino .)
    OP_MENORIGUAL   reduce using rule 77 (termino_factor -> OP_MULT termino .)
    OP_DIF          reduce using rule 77 (termino_factor -> OP_MULT termino .)
    OP_IGUAL        reduce using rule 77 (termino_factor -> OP_MULT termino .)
    PUNTO_Y_COMA    reduce using rule 77 (termino_factor -> OP_MULT termino .)
    COMA            reduce using rule 77 (termino_factor -> OP_MULT termino .)
    PAR_CIERRA      reduce using rule 77 (termino_factor -> OP_MULT termino .)


state 150

    (78) termino_factor -> OP_DIV termino .

    OP_SUMA         reduce using rule 78 (termino_factor -> OP_DIV termino .)
    OP_RESTA        reduce using rule 78 (termino_factor -> OP_DIV termino .)
    OP_MAYOR        reduce using rule 78 (termino_factor -> OP_DIV termino .)
    OP_MENOR        reduce using rule 78 (termino_factor -> OP_DIV termino .)
    OP_MAYORIGUAL   reduce using rule 78 (termino_factor -> OP_DIV termino .)
    OP_MENORIGUAL   reduce using rule 78 (termino_factor -> OP_DIV termino .)
    OP_DIF          reduce using rule 78 (termino_factor -> OP_DIV termino .)
    OP_IGUAL        reduce using rule 78 (termino_factor -> OP_DIV termino .)
    PUNTO_Y_COMA    reduce using rule 78 (termino_factor -> OP_DIV termino .)
    COMA            reduce using rule 78 (termino_factor -> OP_DIV termino .)
    PAR_CIERRA      reduce using rule 78 (termino_factor -> OP_DIV termino .)


state 151

    (46) factor -> PAR_ABRE expresion PAR_CIERRA .

    OP_MULT         reduce using rule 46 (factor -> PAR_ABRE expresion PAR_CIERRA .)
    OP_DIV          reduce using rule 46 (factor -> PAR_ABRE expresion PAR_CIERRA .)
    OP_SUMA         reduce using rule 46 (factor -> PAR_ABRE expresion PAR_CIERRA .)
    OP_RESTA        reduce using rule 46 (factor -> PAR_ABRE expresion PAR_CIERRA .)
    OP_MAYOR        reduce using rule 46 (factor -> PAR_ABRE expresion PAR_CIERRA .)
    OP_MENOR        reduce using rule 46 (factor -> PAR_ABRE expresion PAR_CIERRA .)
    OP_MAYORIGUAL   reduce using rule 46 (factor -> PAR_ABRE expresion PAR_CIERRA .)
    OP_MENORIGUAL   reduce using rule 46 (factor -> PAR_ABRE expresion PAR_CIERRA .)
    OP_DIF          reduce using rule 46 (factor -> PAR_ABRE expresion PAR_CIERRA .)
    OP_IGUAL        reduce using rule 46 (factor -> PAR_ABRE expresion PAR_CIERRA .)
    PUNTO_Y_COMA    reduce using rule 46 (factor -> PAR_ABRE expresion PAR_CIERRA .)
    COMA            reduce using rule 46 (factor -> PAR_ABRE expresion PAR_CIERRA .)
    PAR_CIERRA      reduce using rule 46 (factor -> PAR_ABRE expresion PAR_CIERRA .)


state 152

    (68) funcs_coma -> COMA ID . DOS_PUNTOS tipo funcs_coma

    DOS_PUNTOS      shift and go to state 158


state 153

    (45) llamada_ex -> COMA expresion . llamada_ex
    (44) llamada_ex -> . empty
    (45) llamada_ex -> . COMA expresion llamada_ex
    (88) empty -> .

    COMA            shift and go to state 133
    PAR_CIERRA      reduce using rule 88 (empty -> .)

    llamada_ex                     shift and go to state 159
    empty                          shift and go to state 132

state 154

    (31) condicion -> SI PAR_ABRE expresion condicion_marca PAR_CIERRA . cuerpo condicion_cuerpo PUNTO_Y_COMA
    (17) cuerpo -> . LLAVE_ABRE cuerpo_estat LLAVE_CIERRA

    LLAVE_ABRE      shift and go to state 37

    cuerpo                         shift and go to state 160

state 155

    (28) ciclo -> MIENTRAS ciclo_marca PAR_ABRE expresion ciclo_cond_prep . PAR_CIERRA HAZ cuerpo PUNTO_Y_COMA

    PAR_CIERRA      shift and go to state 161


state 156

    (36) imprime -> ESCRIBE PAR_ABRE imprime_exp PAR_CIERRA PUNTO_Y_COMA .

    CORA_ABRE       reduce using rule 36 (imprime -> ESCRIBE PAR_ABRE imprime_exp PAR_CIERRA PUNTO_Y_COMA .)
    ID              reduce using rule 36 (imprime -> ESCRIBE PAR_ABRE imprime_exp PAR_CIERRA PUNTO_Y_COMA .)
    SI              reduce using rule 36 (imprime -> ESCRIBE PAR_ABRE imprime_exp PAR_CIERRA PUNTO_Y_COMA .)
    MIENTRAS        reduce using rule 36 (imprime -> ESCRIBE PAR_ABRE imprime_exp PAR_CIERRA PUNTO_Y_COMA .)
    ESCRIBE         reduce using rule 36 (imprime -> ESCRIBE PAR_ABRE imprime_exp PAR_CIERRA PUNTO_Y_COMA .)
    RETURN          reduce using rule 36 (imprime -> ESCRIBE PAR_ABRE imprime_exp PAR_CIERRA PUNTO_Y_COMA .)
    LLAVE_CIERRA    reduce using rule 36 (imprime -> ESCRIBE PAR_ABRE imprime_exp PAR_CIERRA PUNTO_Y_COMA .)
    CORA_CIERRA     reduce using rule 36 (imprime -> ESCRIBE PAR_ABRE imprime_exp PAR_CIERRA PUNTO_Y_COMA .)


state 157

    (40) imprime_exp_p -> COMA imprime_exp .

    PAR_CIERRA      reduce using rule 40 (imprime_exp_p -> COMA imprime_exp .)


state 158

    (68) funcs_coma -> COMA ID DOS_PUNTOS . tipo funcs_coma
    (1) tipo -> . ENTERO
    (2) tipo -> . FLOTANTE

    ENTERO          shift and go to state 18
    FLOTANTE        shift and go to state 19

    tipo                           shift and go to state 162

state 159

    (45) llamada_ex -> COMA expresion llamada_ex .

    PAR_CIERRA      reduce using rule 45 (llamada_ex -> COMA expresion llamada_ex .)


state 160

    (31) condicion -> SI PAR_ABRE expresion condicion_marca PAR_CIERRA cuerpo . condicion_cuerpo PUNTO_Y_COMA
    (33) condicion_cuerpo -> . empty
    (34) condicion_cuerpo -> . SINO condicion_else_marca cuerpo
    (88) empty -> .

    SINO            shift and go to state 165
    PUNTO_Y_COMA    reduce using rule 88 (empty -> .)

    condicion_cuerpo               shift and go to state 163
    empty                          shift and go to state 164

state 161

    (28) ciclo -> MIENTRAS ciclo_marca PAR_ABRE expresion ciclo_cond_prep PAR_CIERRA . HAZ cuerpo PUNTO_Y_COMA

    HAZ             shift and go to state 166


state 162

    (68) funcs_coma -> COMA ID DOS_PUNTOS tipo . funcs_coma
    (67) funcs_coma -> . empty
    (68) funcs_coma -> . COMA ID DOS_PUNTOS tipo funcs_coma
    (88) empty -> .

    COMA            shift and go to state 128
    PAR_CIERRA      reduce using rule 88 (empty -> .)

    funcs_coma                     shift and go to state 167
    empty                          shift and go to state 127

state 163

    (31) condicion -> SI PAR_ABRE expresion condicion_marca PAR_CIERRA cuerpo condicion_cuerpo . PUNTO_Y_COMA

    PUNTO_Y_COMA    shift and go to state 168


state 164

    (33) condicion_cuerpo -> empty .

    PUNTO_Y_COMA    reduce using rule 33 (condicion_cuerpo -> empty .)


state 165

    (34) condicion_cuerpo -> SINO . condicion_else_marca cuerpo
    (35) condicion_else_marca -> .

    LLAVE_ABRE      reduce using rule 35 (condicion_else_marca -> .)

    condicion_else_marca           shift and go to state 169

state 166

    (28) ciclo -> MIENTRAS ciclo_marca PAR_ABRE expresion ciclo_cond_prep PAR_CIERRA HAZ . cuerpo PUNTO_Y_COMA
    (17) cuerpo -> . LLAVE_ABRE cuerpo_estat LLAVE_CIERRA

    LLAVE_ABRE      shift and go to state 37

    cuerpo                         shift and go to state 170

state 167

    (68) funcs_coma -> COMA ID DOS_PUNTOS tipo funcs_coma .

    PAR_CIERRA      reduce using rule 68 (funcs_coma -> COMA ID DOS_PUNTOS tipo funcs_coma .)


state 168

    (31) condicion -> SI PAR_ABRE expresion condicion_marca PAR_CIERRA cuerpo condicion_cuerpo PUNTO_Y_COMA .

    CORA_ABRE       reduce using rule 31 (condicion -> SI PAR_ABRE expresion condicion_marca PAR_CIERRA cuerpo condicion_cuerpo PUNTO_Y_COMA .)
    ID              reduce using rule 31 (condicion -> SI PAR_ABRE expresion condicion_marca PAR_CIERRA cuerpo condicion_cuerpo PUNTO_Y_COMA .)
    SI              reduce using rule 31 (condicion -> SI PAR_ABRE expresion condicion_marca PAR_CIERRA cuerpo condicion_cuerpo PUNTO_Y_COMA .)
    MIENTRAS        reduce using rule 31 (condicion -> SI PAR_ABRE expresion condicion_marca PAR_CIERRA cuerpo condicion_cuerpo PUNTO_Y_COMA .)
    ESCRIBE         reduce using rule 31 (condicion -> SI PAR_ABRE expresion condicion_marca PAR_CIERRA cuerpo condicion_cuerpo PUNTO_Y_COMA .)
    RETURN          reduce using rule 31 (condicion -> SI PAR_ABRE expresion condicion_marca PAR_CIERRA cuerpo condicion_cuerpo PUNTO_Y_COMA .)
    LLAVE_CIERRA    reduce using rule 31 (condicion -> SI PAR_ABRE expresion condicion_marca PAR_CIERRA cuerpo condicion_cuerpo PUNTO_Y_COMA .)
    CORA_CIERRA     reduce using rule 31 (condicion -> SI PAR_ABRE expresion condicion_marca PAR_CIERRA cuerpo condicion_cuerpo PUNTO_Y_COMA .)


state 169

    (34) condicion_cuerpo -> SINO condicion_else_marca . cuerpo
    (17) cuerpo -> . LLAVE_ABRE cuerpo_estat LLAVE_CIERRA

    LLAVE_ABRE      shift and go to state 37

    cuerpo                         shift and go to state 171

state 170

    (28) ciclo -> MIENTRAS ciclo_marca PAR_ABRE expresion ciclo_cond_prep PAR_CIERRA HAZ cuerpo . PUNTO_Y_COMA

    PUNTO_Y_COMA    shift and go to state 172


state 171

    (34) condicion_cuerpo -> SINO condicion_else_marca cuerpo .

    PUNTO_Y_COMA    reduce using rule 34 (condicion_cuerpo -> SINO condicion_else_marca cuerpo .)


state 172

    (28) ciclo -> MIENTRAS ciclo_marca PAR_ABRE expresion ciclo_cond_prep PAR_CIERRA HAZ cuerpo PUNTO_Y_COMA .

    CORA_ABRE       reduce using rule 28 (ciclo -> MIENTRAS ciclo_marca PAR_ABRE expresion ciclo_cond_prep PAR_CIERRA HAZ cuerpo PUNTO_Y_COMA .)
    ID              reduce using rule 28 (ciclo -> MIENTRAS ciclo_marca PAR_ABRE expresion ciclo_cond_prep PAR_CIERRA HAZ cuerpo PUNTO_Y_COMA .)
    SI              reduce using rule 28 (ciclo -> MIENTRAS ciclo_marca PAR_ABRE expresion ciclo_cond_prep PAR_CIERRA HAZ cuerpo PUNTO_Y_COMA .)
    MIENTRAS        reduce using rule 28 (ciclo -> MIENTRAS ciclo_marca PAR_ABRE expresion ciclo_cond_prep PAR_CIERRA HAZ cuerpo PUNTO_Y_COMA .)
    ESCRIBE         reduce using rule 28 (ciclo -> MIENTRAS ciclo_marca PAR_ABRE expresion ciclo_cond_prep PAR_CIERRA HAZ cuerpo PUNTO_Y_COMA .)
    RETURN          reduce using rule 28 (ciclo -> MIENTRAS ciclo_marca PAR_ABRE expresion ciclo_cond_prep PAR_CIERRA HAZ cuerpo PUNTO_Y_COMA .)
    LLAVE_CIERRA    reduce using rule 28 (ciclo -> MIENTRAS ciclo_marca PAR_ABRE expresion ciclo_cond_prep PAR_CIERRA HAZ cuerpo PUNTO_Y_COMA .)
    CORA_CIERRA     reduce using rule 28 (ciclo -> MIENTRAS ciclo_marca PAR_ABRE expresion ciclo_cond_prep PAR_CIERRA HAZ cuerpo PUNTO_Y_COMA .)

